<?xml version="1.0" encoding="UTF-8"?>
<!-- Generated by org.testng.reporters.JUnitReportReporter -->
<testsuite hostname="Siddharth-mbpr.local" name="com.playphone.msportsUI.AccountSignupNegative" tests="1" failures="0" timestamp="24 Mar 2017 17:59:17 GMT" time="53.293" errors="0">
  <testcase name="SignupNegative" time="53.293" classname="com.playphone.msportsUI.AccountSignupNegative"/>
</testsuite> <!-- com.playphone.msportsUI.AccountSignupNegative -->
