<?xml version="1.0" encoding="UTF-8"?>
<!-- Generated by org.testng.reporters.JUnitReportReporter -->
<testsuite hostname="Siddharth-mbpr.local" name="com.playphone.msportsUI.AccountLoginPasswordNegative" tests="1" failures="0" timestamp="22 Mar 2017 19:12:49 GMT" time="31.968" errors="0">
  <testcase name="TestInvalidPassword" time="31.968" classname="com.playphone.msportsUI.AccountLoginPasswordNegative"/>
</testsuite> <!-- com.playphone.msportsUI.AccountLoginPasswordNegative -->
