<?xml version="1.0" encoding="UTF-8"?>
<!-- Generated by org.testng.reporters.JUnitReportReporter -->
<testsuite hostname="Siddharth-mbpr.local" name="com.playphone.msportsUI.HomePageSupportFAQ" tests="1" failures="0" timestamp="21 Mar 2017 18:36:30 GMT" time="40.760" errors="0">
  <testcase name="SupportFAQ" time="40.760" classname="com.playphone.msportsUI.HomePageSupportFAQ"/>
</testsuite> <!-- com.playphone.msportsUI.HomePageSupportFAQ -->
