<?xml version="1.0" encoding="UTF-8"?>
<!-- Generated by org.testng.reporters.JUnitReportReporter -->
<testsuite hostname="Siddharth-mbpr.local" name="com.playphone.msportsUI.DeleteFacebookAccount" tests="1" failures="0" timestamp="10 Apr 2017 20:19:40 GMT" time="96.592" errors="0">
  <testcase name="NewAccountSignup" time="96.592" classname="com.playphone.msportsUI.DeleteFacebookAccount"/>
</testsuite> <!-- com.playphone.msportsUI.DeleteFacebookAccount -->
