<?xml version="1.0" encoding="UTF-8"?>
<!-- Generated by org.testng.reporters.JUnitReportReporter -->
<testsuite hostname="Siddharth-mbpr.local" name="com.playphone.msportsUI.playTournamentMsportsClose" tests="1" failures="0" timestamp="24 Mar 2017 17:59:17 GMT" time="49.968" errors="0">
  <testcase name="TestValidLogin" time="49.968" classname="com.playphone.msportsUI.playTournamentMsportsClose"/>
</testsuite> <!-- com.playphone.msportsUI.playTournamentMsportsClose -->
