<?xml version="1.0" encoding="UTF-8"?>
<!-- Generated by org.testng.reporters.JUnitReportReporter -->
<testsuite hostname="Siddharth-mbpr.local" name="com.playphone.msportsUI.SupportClick" tests="1" failures="0" timestamp="28 Feb 2017 18:53:57 GMT" time="4.913" errors="0">
  <testcase name="testSupportClick" time="4.913" classname="com.playphone.msportsUI.SupportClick"/>
</testsuite> <!-- com.playphone.msportsUI.SupportClick -->
