<?xml version="1.0" encoding="UTF-8"?>
<!-- Generated by org.testng.reporters.JUnitReportReporter -->
<testsuite hostname="Siddharth-mbpr.local" name="com.playphone.msportsUI.HttpGetterJason" tests="1" failures="0" timestamp="6 Apr 2017 20:23:52 GMT" time="1.327" errors="0">
  <testcase name="ExtractGameID" time="1.327" classname="com.playphone.msportsUI.HttpGetterJason"/>
</testsuite> <!-- com.playphone.msportsUI.HttpGetterJason -->
