<?xml version="1.0" encoding="UTF-8"?>
<!-- Generated by org.testng.reporters.JUnitReportReporter -->
<testsuite hostname="Siddharth-mbpr.local" name="com.playphone.msportsUI.HomePageSupportFAQ" tests="1" failures="0" timestamp="22 Mar 2017 05:07:32 GMT" time="21.958" errors="0">
  <testcase name="SupportFAQ" time="21.958" classname="com.playphone.msportsUI.HomePageSupportFAQ"/>
</testsuite> <!-- com.playphone.msportsUI.HomePageSupportFAQ -->
