<?xml version="1.0" encoding="UTF-8"?>
<!-- Generated by org.testng.reporters.JUnitReportReporter -->
<testsuite hostname="Siddharth-mbpr.local" name="com.playphone.msportsUI.playTournamentMsportsClose" tests="1" failures="0" timestamp="22 Mar 2017 20:17:01 GMT" time="54.404" errors="0">
  <testcase name="TestValidLogin" time="54.404" classname="com.playphone.msportsUI.playTournamentMsportsClose"/>
</testsuite> <!-- com.playphone.msportsUI.playTournamentMsportsClose -->
