<?xml version="1.0" encoding="UTF-8"?>
<!-- Generated by org.testng.reporters.JUnitReportReporter -->
<testsuite hostname="Siddharth-mbpr.local" name="com.playphone.msportsUI.HomePageSupportFeedback" tests="1" failures="0" timestamp="22 Mar 2017 19:12:49 GMT" time="34.268" errors="0">
  <testcase name="SupportFeedback" time="34.268" classname="com.playphone.msportsUI.HomePageSupportFeedback"/>
</testsuite> <!-- com.playphone.msportsUI.HomePageSupportFeedback -->
