<?xml version="1.0" encoding="UTF-8"?>
<!-- Generated by org.testng.reporters.JUnitReportReporter -->
<testsuite hostname="Siddharth-mbpr.local" name="com.playphone.msportsUI.ExistingUserLogin" tests="1" failures="0" timestamp="11 May 2017 20:40:23 GMT" time="70.955" errors="0">
  <testcase name="test" time="70.955" classname="com.playphone.msportsUI.ExistingUserLogin"/>
</testsuite> <!-- com.playphone.msportsUI.ExistingUserLogin -->
