<?xml version="1.0" encoding="UTF-8"?>
<!-- Generated by org.testng.reporters.JUnitReportReporter -->
<testsuite hostname="Siddharth-mbpr.local" name="com.playphone.msportsUI.MenuHowItWorks" tests="1" failures="0" timestamp="22 Mar 2017 19:12:49 GMT" time="39.249" errors="0">
  <testcase name="TestValidLogin" time="39.249" classname="com.playphone.msportsUI.MenuHowItWorks"/>
</testsuite> <!-- com.playphone.msportsUI.MenuHowItWorks -->
