<?xml version="1.0" encoding="UTF-8"?>
<!-- Generated by org.testng.reporters.JUnitReportReporter -->
<testsuite hostname="Siddharth-mbpr.local" name="com.playphone.msportsUI.AccountLoginPasswordNegative" tests="1" failures="0" timestamp="16 Mar 2017 23:22:10 GMT" time="33.225" errors="0">
  <testcase name="TestInvalidPassword" time="33.225" classname="com.playphone.msportsUI.AccountLoginPasswordNegative"/>
</testsuite> <!-- com.playphone.msportsUI.AccountLoginPasswordNegative -->
