<?xml version="1.0" encoding="UTF-8"?>
<!-- Generated by org.testng.reporters.JUnitReportReporter -->
<testsuite hostname="Siddharth-mbpr.local" name="com.playphone.msportsUI.HomePageFacebookLogin" tests="1" failures="0" timestamp="20 Mar 2017 23:46:19 GMT" time="44.826" errors="0">
  <testcase name="NewAccountSignup" time="44.826" classname="com.playphone.msportsUI.HomePageFacebookLogin"/>
</testsuite> <!-- com.playphone.msportsUI.HomePageFacebookLogin -->
