<?xml version="1.0" encoding="UTF-8"?>
<!-- Generated by org.testng.reporters.JUnitReportReporter -->
<testsuite hostname="Siddharth-mbpr.local" name="com.playphone.msportsUI.ClickPlayNow0" tests="1" failures="0" timestamp="21 Jul 2017 18:21:04 GMT" time="114.007" errors="0">
  <testcase name="ClickPlayNowButton0" time="114.007" classname="com.playphone.msportsUI.ClickPlayNow0"/>
</testsuite> <!-- com.playphone.msportsUI.ClickPlayNow0 -->
