<?xml version="1.0" encoding="UTF-8"?>
<!-- Generated by org.testng.reporters.JUnitReportReporter -->
<testsuite hostname="Siddharth-mbpr.local" name="com.playphone.msportsUI.HomePageSupportPrivacyPolicy" tests="1" failures="0" timestamp="14 Mar 2017 23:40:21 GMT" time="34.859" errors="0">
  <testcase name="SupportPrivacyPolicy" time="34.859" classname="com.playphone.msportsUI.HomePageSupportPrivacyPolicy"/>
</testsuite> <!-- com.playphone.msportsUI.HomePageSupportPrivacyPolicy -->
