<?xml version="1.0" encoding="UTF-8"?>
<!-- Generated by org.testng.reporters.JUnitReportReporter -->
<testsuite hostname="Siddharth-mbpr.local" name="com.playphone.msportsUI.AccountLoginValidUsernamePassword" tests="1" failures="0" timestamp="22 Mar 2017 05:07:32 GMT" time="33.904" errors="0">
  <testcase name="TestValidLogin" time="33.904" classname="com.playphone.msportsUI.AccountLoginValidUsernamePassword"/>
</testsuite> <!-- com.playphone.msportsUI.AccountLoginValidUsernamePassword -->
