<?xml version="1.0" encoding="UTF-8"?>
<!-- Generated by org.testng.reporters.JUnitReportReporter -->
<testsuite hostname="Siddharth-mbpr.local" name="com.playphone.msportsUI.HomePageSupportPrivacyPolicy" tests="1" failures="0" timestamp="22 Mar 2017 05:07:32 GMT" time="22.935" errors="0">
  <testcase name="SupportPrivacyPolicy" time="22.935" classname="com.playphone.msportsUI.HomePageSupportPrivacyPolicy"/>
</testsuite> <!-- com.playphone.msportsUI.HomePageSupportPrivacyPolicy -->
