<?xml version="1.0" encoding="UTF-8"?>
<!-- Generated by org.testng.reporters.JUnitReportReporter -->
<testsuite hostname="Siddharth-mbpr.local" name="com.playphone.msportsUI.SignupPrivacyPolicy" tests="1" failures="0" timestamp="28 Mar 2017 21:43:37 GMT" time="78.168" errors="0">
  <testcase name="PrivacyPolicy" time="78.168" classname="com.playphone.msportsUI.SignupPrivacyPolicy"/>
</testsuite> <!-- com.playphone.msportsUI.SignupPrivacyPolicy -->
