<?xml version="1.0" encoding="UTF-8"?>
<!-- Generated by org.testng.reporters.JUnitReportReporter -->
<testsuite hostname="Siddharth-mbpr.local" name="com.playphone.msportsUI.HomePageSupportCommunity" tests="1" failures="0" timestamp="9 Mar 2017 23:39:57 GMT" time="33.592" errors="0">
  <testcase name="SupportFAQ" time="33.592" classname="com.playphone.msportsUI.HomePageSupportCommunity"/>
</testsuite> <!-- com.playphone.msportsUI.HomePageSupportCommunity -->
