<?xml version="1.0" encoding="UTF-8"?>
<!-- Generated by org.testng.reporters.JUnitReportReporter -->
<testsuite hostname="Siddharth-mbpr.local" name="com.playphone.msportsUI.EditUserProfile" tests="1" failures="0" timestamp="22 Mar 2017 18:10:02 GMT" time="95.851" errors="0">
  <testcase name="TestValidLogin" time="95.851" classname="com.playphone.msportsUI.EditUserProfile"/>
</testsuite> <!-- com.playphone.msportsUI.EditUserProfile -->
