<?xml version="1.0" encoding="UTF-8"?>
<!-- Generated by org.testng.reporters.JUnitReportReporter -->
<testsuite hostname="Siddharth-mbpr.local" name="com.playphone.msportsUI.HomePageSupportTC" tests="1" failures="0" timestamp="28 Mar 2017 21:43:37 GMT" time="34.807" errors="0">
  <testcase name="SupportTC" time="34.807" classname="com.playphone.msportsUI.HomePageSupportTC"/>
</testsuite> <!-- com.playphone.msportsUI.HomePageSupportTC -->
