<?xml version="1.0" encoding="UTF-8"?>
<!-- Generated by org.testng.reporters.JUnitReportReporter -->
<testsuite hostname="Siddharth-mbpr.local" name="com.playphone.msportsUI.HomePageBottomSignup" tests="1" failures="0" timestamp="14 Mar 2017 23:40:21 GMT" time="66.375" errors="0">
  <testcase name="NewAccountSignup" time="66.375" classname="com.playphone.msportsUI.HomePageBottomSignup"/>
</testsuite> <!-- com.playphone.msportsUI.HomePageBottomSignup -->
