<?xml version="1.0" encoding="UTF-8"?>
<!-- Generated by org.testng.reporters.JUnitReportReporter -->
<testsuite hostname="Siddharth-mbpr.local" name="com.playphone.msportsUI.ClickPlayNow" tests="1" failures="0" timestamp="20 Mar 2017 23:37:33 GMT" time="37.416" errors="0">
  <testcase name="ClickPlayNowButton0" time="37.416" classname="com.playphone.msportsUI.ClickPlayNow"/>
</testsuite> <!-- com.playphone.msportsUI.ClickPlayNow -->
