<?xml version="1.0" encoding="UTF-8"?>
<!-- Generated by org.testng.reporters.JUnitReportReporter -->
<testsuite hostname="Siddharth-mbpr.local" name="com.playphone.msportsUI.AllGamesMenu" tests="1" failures="0" timestamp="28 Mar 2017 21:43:37 GMT" time="89.371" errors="0">
  <testcase name="TestValidLogin" time="89.371" classname="com.playphone.msportsUI.AllGamesMenu"/>
</testsuite> <!-- com.playphone.msportsUI.AllGamesMenu -->
