<?xml version="1.0" encoding="UTF-8"?>
<!-- Generated by org.testng.reporters.JUnitReportReporter -->
<testsuite hostname="Siddharth-mbpr.local" name="com.playphone.msportsUI.HomePageLogout" tests="1" failures="0" timestamp="16 Mar 2017 23:22:10 GMT" time="45.268" errors="0">
  <testcase name="TestValidLogin" time="45.268" classname="com.playphone.msportsUI.HomePageLogout"/>
</testsuite> <!-- com.playphone.msportsUI.HomePageLogout -->
