<?xml version="1.0" encoding="UTF-8"?>
<!-- Generated by org.testng.reporters.JUnitReportReporter -->
<testsuite hostname="Siddharth-mbpr.local" name="com.playphone.msportsUI.AccountLoginUsernameNegative" tests="1" failures="0" timestamp="8 Mar 2017 21:41:21 GMT" time="34.551" errors="0">
  <testcase name="TestInvalidUsername" time="34.551" classname="com.playphone.msportsUI.AccountLoginUsernameNegative"/>
</testsuite> <!-- com.playphone.msportsUI.AccountLoginUsernameNegative -->
