<?xml version="1.0" encoding="UTF-8"?>
<!-- Generated by org.testng.reporters.JUnitReportReporter -->
<testsuite hostname="Siddharth-mbpr.local" name="com.playphone.msportsUI.AllGamesMenu" tests="1" failures="0" timestamp="22 Mar 2017 18:42:51 GMT" time="38.807" errors="0">
  <testcase name="TestValidLogin" time="38.807" classname="com.playphone.msportsUI.AllGamesMenu"/>
</testsuite> <!-- com.playphone.msportsUI.AllGamesMenu -->
