<?xml version="1.0" encoding="UTF-8"?>
<!-- Generated by org.testng.reporters.JUnitReportReporter -->
<testsuite hostname="Siddharth-mbpr.local" name="com.playphone.msportsUI.EditUserProfile" tests="1" failures="0" timestamp="28 Mar 2017 21:43:37 GMT" time="77.625" errors="0">
  <testcase name="TestValidLogin" time="77.625" classname="com.playphone.msportsUI.EditUserProfile"/>
</testsuite> <!-- com.playphone.msportsUI.EditUserProfile -->
