<?xml version="1.0" encoding="UTF-8"?>
<!-- Generated by org.testng.reporters.JUnitReportReporter -->
<testsuite hostname="Siddharth-mbpr.local" name="com.playphone.msportsUI.AccountSignUpWithGoogle" tests="1" failures="0" timestamp="21 Mar 2017 18:36:30 GMT" time="82.974" errors="0">
  <testcase name="NewAccountSignup" time="82.974" classname="com.playphone.msportsUI.AccountSignUpWithGoogle"/>
</testsuite> <!-- com.playphone.msportsUI.AccountSignUpWithGoogle -->
