<?xml version="1.0" encoding="UTF-8"?>
<!-- Generated by org.testng.reporters.JUnitReportReporter -->
<testsuite hostname="Siddharth-mbpr.local" name="com.playphone.msportsUI.AccountSignupNegative" tests="1" failures="0" timestamp="14 Mar 2017 23:40:21 GMT" time="69.809" errors="0">
  <testcase name="SignupNegative" time="69.809" classname="com.playphone.msportsUI.AccountSignupNegative"/>
</testsuite> <!-- com.playphone.msportsUI.AccountSignupNegative -->
