<?xml version="1.0" encoding="UTF-8"?>
<!-- Generated by org.testng.reporters.JUnitReportReporter -->
<testsuite hostname="Siddharth-mbpr.local" name="com.playphone.msportsUI.SpinsPage" tests="1" failures="0" timestamp="22 Mar 2017 19:12:49 GMT" time="59.974" errors="0">
  <testcase name="TestValidLogin" time="59.974" classname="com.playphone.msportsUI.SpinsPage"/>
</testsuite> <!-- com.playphone.msportsUI.SpinsPage -->
