<?xml version="1.0" encoding="UTF-8"?>
<!-- Generated by org.testng.reporters.JUnitReportReporter -->
<testsuite hostname="Siddharth-mbpr.local" name="com.playphone.msportsUI.HomePageSupportCommunity" tests="1" failures="0" timestamp="21 Mar 2017 18:36:30 GMT" time="50.783" errors="0">
  <testcase name="SupportCommunity" time="50.783" classname="com.playphone.msportsUI.HomePageSupportCommunity"/>
</testsuite> <!-- com.playphone.msportsUI.HomePageSupportCommunity -->
