<?xml version="1.0" encoding="UTF-8"?>
<!-- Generated by org.testng.reporters.JUnitReportReporter -->
<testsuite hostname="Siddharth-mbpr.local" name="com.playphone.msportsUI.AccountSignup" tests="1" failures="0" timestamp="2 May 2017 18:23:47 GMT" time="67.341" errors="0">
  <testcase name="NewAccountSignup" time="67.341" classname="com.playphone.msportsUI.AccountSignup"/>
</testsuite> <!-- com.playphone.msportsUI.AccountSignup -->
