<?xml version="1.0" encoding="UTF-8"?>
<!-- Generated by org.testng.reporters.JUnitReportReporter -->
<testsuite hostname="Siddharth-mbpr.local" name="com.playphone.msportsUI.myTournamentsMenu" tests="1" failures="0" timestamp="10 Apr 2017 19:11:06 GMT" time="55.736" errors="0">
  <testcase name="TestValidLogin" time="55.736" classname="com.playphone.msportsUI.myTournamentsMenu"/>
</testsuite> <!-- com.playphone.msportsUI.myTournamentsMenu -->
