<?xml version="1.0" encoding="UTF-8"?>
<!-- Generated by org.testng.reporters.JUnitReportReporter -->
<testsuite hostname="Siddharth-mbpr.local" name="com.playphone.msportsUI.HomePageFacebookLogin" tests="1" failures="0" timestamp="10 Mar 2017 00:55:01 GMT" time="43.091" errors="0">
  <testcase name="NewAccountSignup" time="43.091" classname="com.playphone.msportsUI.HomePageFacebookLogin"/>
</testsuite> <!-- com.playphone.msportsUI.HomePageFacebookLogin -->
