<?xml version="1.0" encoding="UTF-8"?>
<!-- Generated by org.testng.reporters.JUnitReportReporter -->
<testsuite hostname="Siddharth-mbpr.local" name="com.playphone.msportsUI.forgotpasswordloginpage" tests="1" failures="0" timestamp="28 Mar 2017 21:43:37 GMT" time="51.901" errors="0">
  <testcase name="forgotpassword" time="51.901" classname="com.playphone.msportsUI.forgotpasswordloginpage"/>
</testsuite> <!-- com.playphone.msportsUI.forgotpasswordloginpage -->
