<?xml version="1.0" encoding="UTF-8"?>
<!-- Generated by org.testng.reporters.JUnitReportReporter -->
<testsuite hostname="Siddharth-mbpr.local" name="com.playphone.msportsUI.AccountLoginPasswordNegative" tests="1" failures="0" timestamp="21 Mar 2017 18:36:30 GMT" time="29.423" errors="0">
  <testcase name="TestInvalidPassword" time="29.423" classname="com.playphone.msportsUI.AccountLoginPasswordNegative"/>
</testsuite> <!-- com.playphone.msportsUI.AccountLoginPasswordNegative -->
