<?xml version="1.0" encoding="UTF-8"?>
<!-- Generated by org.testng.reporters.JUnitReportReporter -->
<testsuite hostname="Siddharth-mbpr.local" name="com.playphone.msportsUI.DeleteFacebookAccount" tests="1" failures="0" timestamp="28 Mar 2017 17:15:00 GMT" time="85.223" errors="0">
  <testcase name="NewAccountSignup" time="85.223" classname="com.playphone.msportsUI.DeleteFacebookAccount"/>
</testsuite> <!-- com.playphone.msportsUI.DeleteFacebookAccount -->
