<?xml version="1.0" encoding="UTF-8"?>
<!-- Generated by org.testng.reporters.JUnitReportReporter -->
<testsuite hostname="Siddharth-mbpr.local" name="com.playphone.msportsUI.LogOutEditProfilePage" tests="1" failures="0" timestamp="28 Mar 2017 21:43:37 GMT" time="80.028" errors="0">
  <testcase name="TestValidLogin" time="80.028" classname="com.playphone.msportsUI.LogOutEditProfilePage"/>
</testsuite> <!-- com.playphone.msportsUI.LogOutEditProfilePage -->
