<?xml version="1.0" encoding="UTF-8"?>
<!-- Generated by org.testng.reporters.JUnitReportReporter -->
<testsuite hostname="Siddharth-mbpr.local" name="com.playphone.msportsUI.LoginClickPlayNow" tests="1" failures="0" timestamp="24 Mar 2017 17:59:17 GMT" time="62.908" errors="0">
  <testcase name="loginclickPlaynow" time="62.908" classname="com.playphone.msportsUI.LoginClickPlayNow"/>
</testsuite> <!-- com.playphone.msportsUI.LoginClickPlayNow -->
