<?xml version="1.0" encoding="UTF-8"?>
<!-- Generated by org.testng.reporters.JUnitReportReporter -->
<testsuite hostname="Siddharth-mbpr.local" name="com.playphone.msportsUI.ClickPlayNow0" tests="1" failures="0" timestamp="22 Mar 2017 19:49:49 GMT" time="44.671" errors="0">
  <testcase name="ClickPlayNowButton0" time="44.671" classname="com.playphone.msportsUI.ClickPlayNow0"/>
</testsuite> <!-- com.playphone.msportsUI.ClickPlayNow0 -->
