<?xml version="1.0" encoding="UTF-8"?>
<!-- Generated by org.testng.reporters.JUnitReportReporter -->
<testsuite hostname="Siddharth-mbpr.local" name="com.playphone.msportsUI.AccountLoginPasswordNegative" tests="1" failures="0" timestamp="27 Feb 2017 02:31:39 GMT" time="13.768" errors="0">
  <testcase name="TestInvalidPassword" time="13.768" classname="com.playphone.msportsUI.AccountLoginPasswordNegative"/>
</testsuite> <!-- com.playphone.msportsUI.AccountLoginPasswordNegative -->
