<?xml version="1.0" encoding="UTF-8"?>
<!-- Generated by org.testng.reporters.JUnitReportReporter -->
<testsuite hostname="Siddharth-mbpr.local" name="com.playphone.msportsUI.HomePageBottomSignup" tests="1" failures="0" timestamp="16 Mar 2017 23:22:10 GMT" time="64.153" errors="0">
  <testcase name="NewAccountSignup" time="64.153" classname="com.playphone.msportsUI.HomePageBottomSignup"/>
</testsuite> <!-- com.playphone.msportsUI.HomePageBottomSignup -->
