<?xml version="1.0" encoding="UTF-8"?>
<!-- Generated by org.testng.reporters.JUnitReportReporter -->
<testsuite hostname="Siddharth-mbpr.local" name="com.playphone.msportsUI.HomePageSupportFAQ" tests="1" failures="0" timestamp="9 Mar 2017 23:35:25 GMT" time="23.348" errors="0">
  <testcase name="TestValidLogin" time="23.348" classname="com.playphone.msportsUI.HomePageSupportFAQ"/>
</testsuite> <!-- com.playphone.msportsUI.HomePageSupportFAQ -->
