<?xml version="1.0" encoding="UTF-8"?>
<!-- Generated by org.testng.reporters.JUnitReportReporter -->
<testsuite hostname="Siddharth-mbpr.local" name="com.playphone.msportsUI.LoginClickPlayNow" tests="1" failures="0" timestamp="28 Mar 2017 22:53:38 GMT" time="81.853" errors="0">
  <testcase name="loginclickPlaynow" time="81.853" classname="com.playphone.msportsUI.LoginClickPlayNow"/>
</testsuite> <!-- com.playphone.msportsUI.LoginClickPlayNow -->
