<?xml version="1.0" encoding="UTF-8"?>
<!-- Generated by org.testng.reporters.JUnitReportReporter -->
<testsuite hostname="Siddharth-mbpr.local" name="com.playphone.msportsUI.LoginPlayTournament0" tests="1" failures="0" timestamp="22 Mar 2017 20:06:26 GMT" time="58.561" errors="0">
  <testcase name="TestValidLogin" time="58.561" classname="com.playphone.msportsUI.LoginPlayTournament0"/>
</testsuite> <!-- com.playphone.msportsUI.LoginPlayTournament0 -->
