<?xml version="1.0" encoding="UTF-8"?>
<!-- Generated by org.testng.reporters.JUnitReportReporter -->
<testsuite hostname="Siddharth-mbpr.local" name="com.playphone.msportsUI.HomePageSupportFeedback" tests="1" failures="0" timestamp="14 Mar 2017 23:40:21 GMT" time="26.789" errors="0">
  <testcase name="SupportFeedback" time="26.789" classname="com.playphone.msportsUI.HomePageSupportFeedback"/>
</testsuite> <!-- com.playphone.msportsUI.HomePageSupportFeedback -->
