<?xml version="1.0" encoding="UTF-8"?>
<!-- Generated by org.testng.reporters.JUnitReportReporter -->
<testsuite hostname="Siddharth-mbpr.local" name="com.playphone.msportsUI.forgotpasswordloginpage" tests="1" failures="0" timestamp="22 Mar 2017 05:07:32 GMT" time="29.771" errors="0">
  <testcase name="forgotpassword" time="29.771" classname="com.playphone.msportsUI.forgotpasswordloginpage"/>
</testsuite> <!-- com.playphone.msportsUI.forgotpasswordloginpage -->
