<?xml version="1.0" encoding="UTF-8"?>
<!-- Generated by org.testng.reporters.JUnitReportReporter -->
<testsuite hostname="Siddharth-mbpr.local" name="com.playphone.msportsUI.HomePageLogout" tests="1" failures="0" timestamp="22 Mar 2017 05:07:32 GMT" time="39.682" errors="0">
  <testcase name="TestValidLogin" time="39.682" classname="com.playphone.msportsUI.HomePageLogout"/>
</testsuite> <!-- com.playphone.msportsUI.HomePageLogout -->
