<?xml version="1.0" encoding="UTF-8"?>
<!-- Generated by org.testng.reporters.JUnitReportReporter -->
<testsuite hostname="Siddharth-mbpr.local" name="com.playphone.msportsUI.TestClass" tests="1" failures="0" timestamp="23 Feb 2017 19:00:41 GMT" time="3.413" errors="0">
  <testcase name="ti" time="3.413" classname="com.playphone.msportsUI.TestClass"/>
</testsuite> <!-- com.playphone.msportsUI.TestClass -->
