<?xml version="1.0" encoding="UTF-8"?>
<!-- Generated by org.testng.reporters.JUnitReportReporter -->
<testsuite hostname="Siddharth-mbpr.local" name="com.playphone.msportsUI.MenuDrawerSignup" tests="1" failures="0" timestamp="25 Jul 2017 21:17:33 GMT" time="122.411" errors="0">
  <testcase name="TestValidLogin" time="122.411" classname="com.playphone.msportsUI.MenuDrawerSignup"/>
</testsuite> <!-- com.playphone.msportsUI.MenuDrawerSignup -->
