<?xml version="1.0" encoding="UTF-8"?>
<!-- Generated by org.testng.reporters.JUnitReportReporter -->
<testsuite hostname="Siddharth-mbpr.local" name="com.playphone.msportsUI.AccountSignUpWithFacebook" tests="1" failures="0" timestamp="9 Mar 2017 22:51:55 GMT" time="37.221" errors="0">
  <testcase name="NewAccountSignup" time="37.221" classname="com.playphone.msportsUI.AccountSignUpWithFacebook"/>
</testsuite> <!-- com.playphone.msportsUI.AccountSignUpWithFacebook -->
