<?xml version="1.0" encoding="UTF-8"?>
<!-- Generated by org.testng.reporters.JUnitReportReporter -->
<testsuite hostname="Siddharth-mbpr.local" name="com.playphone.msportsUI.AccountSignUpWithFacebook" tests="1" failures="0" timestamp="2 May 2017 18:23:47 GMT" time="58.408" errors="0">
  <testcase name="NewAccountSignup" time="58.408" classname="com.playphone.msportsUI.AccountSignUpWithFacebook"/>
</testsuite> <!-- com.playphone.msportsUI.AccountSignUpWithFacebook -->
