<?xml version="1.0" encoding="UTF-8"?>
<!-- Generated by org.testng.reporters.JUnitReportReporter -->
<testsuite hostname="Siddharth-mbpr.local" name="com.playphone.msportsUI.AccountLoginUsernameNegative" tests="1" failures="0" timestamp="21 Mar 2017 18:36:30 GMT" time="30.059" errors="0">
  <testcase name="TestInvalidUsername" time="30.059" classname="com.playphone.msportsUI.AccountLoginUsernameNegative"/>
</testsuite> <!-- com.playphone.msportsUI.AccountLoginUsernameNegative -->
