<?xml version="1.0" encoding="UTF-8"?>
<!-- Generated by org.testng.reporters.JUnitReportReporter -->
<testsuite hostname="Siddharth-mbpr.local" name="com.playphone.msportsUI.WorkingTest" tests="1" failures="0" timestamp="23 Feb 2017 18:07:29 GMT" time="3.330" errors="0">
  <testcase name="ti" time="3.330" classname="com.playphone.msportsUI.WorkingTest"/>
</testsuite> <!-- com.playphone.msportsUI.WorkingTest -->
