<?xml version="1.0" encoding="UTF-8"?>
<!-- Generated by org.testng.reporters.JUnitReportReporter -->
<testsuite hostname="Siddharth-mbpr.local" name="com.playphone.msportsUI.LoginPlayTournament0" tests="1" failures="0" timestamp="28 Mar 2017 21:43:37 GMT" time="102.552" errors="0">
  <testcase name="TestValidLogin" time="102.552" classname="com.playphone.msportsUI.LoginPlayTournament0"/>
</testsuite> <!-- com.playphone.msportsUI.LoginPlayTournament0 -->
