<?xml version="1.0" encoding="UTF-8"?>
<!-- Generated by org.testng.reporters.JUnitReportReporter -->
<testsuite hostname="Siddharth-mbpr.local" name="com.playphone.msportsUI.AccountLoginPasswordNegative" tests="1" failures="0" timestamp="31 May 2017 19:43:14 GMT" time="56.774" errors="0">
  <testcase name="Test" time="56.774" classname="com.playphone.msportsUI.AccountLoginPasswordNegative"/>
</testsuite> <!-- com.playphone.msportsUI.AccountLoginPasswordNegative -->
