<?xml version="1.0" encoding="UTF-8"?>
<!-- Generated by org.testng.reporters.JUnitReportReporter -->
<testsuite hostname="Siddharth-mbpr.local" name="com.playphone.msportsUI.WorkingTest" tests="1" failures="0" timestamp="21 Feb 2017 21:49:11 GMT" time="6.686" errors="0">
  <testcase name="ti" time="6.686" classname="com.playphone.msportsUI.WorkingTest"/>
</testsuite> <!-- com.playphone.msportsUI.WorkingTest -->
