<?xml version="1.0" encoding="UTF-8"?>
<!-- Generated by org.testng.reporters.JUnitReportReporter -->
<testsuite hostname="Siddharth-mbpr.local" name="com.playphone.msportsUI.AccountSignUpWithFacebook" tests="1" failures="0" timestamp="10 Mar 2017 00:07:33 GMT" time="54.055" errors="0">
  <testcase name="NewAccountSignup" time="54.055" classname="com.playphone.msportsUI.AccountSignUpWithFacebook"/>
</testsuite> <!-- com.playphone.msportsUI.AccountSignUpWithFacebook -->
