<?xml version="1.0" encoding="UTF-8"?>
<!-- Generated by org.testng.reporters.JUnitReportReporter -->
<testsuite hostname="Siddharth-mbpr.local" name="com.playphone.msportsUI.SignupPrivacyPolicy" tests="1" failures="0" timestamp="21 Mar 2017 18:36:30 GMT" time="54.986" errors="0">
  <testcase name="PrivacyPolicy" time="54.986" classname="com.playphone.msportsUI.SignupPrivacyPolicy"/>
</testsuite> <!-- com.playphone.msportsUI.SignupPrivacyPolicy -->
