<?xml version="1.0" encoding="UTF-8"?>
<!-- Generated by org.testng.reporters.JUnitReportReporter -->
<testsuite hostname="Siddharth-mbpr.local" name="com.playphone.msportsUI.LogOutEditProfilePage" tests="1" failures="0" timestamp="22 Mar 2017 18:22:34 GMT" time="48.238" errors="0">
  <testcase name="TestValidLogin" time="48.238" classname="com.playphone.msportsUI.LogOutEditProfilePage"/>
</testsuite> <!-- com.playphone.msportsUI.LogOutEditProfilePage -->
