<?xml version="1.0" encoding="UTF-8"?>
<!-- Generated by org.testng.reporters.JUnitReportReporter -->
<testsuite hostname="Siddharth-mbpr.local" name="com.playphone.msportsUI.AccountSignupNegative" tests="1" failures="0" timestamp="10 Mar 2017 18:36:52 GMT" time="55.612" errors="0">
  <testcase name="SignupNegative" time="55.612" classname="com.playphone.msportsUI.AccountSignupNegative"/>
</testsuite> <!-- com.playphone.msportsUI.AccountSignupNegative -->
