<?xml version="1.0" encoding="UTF-8"?>
<!-- Generated by org.testng.reporters.JUnitReportReporter -->
<testsuite hostname="Siddharth-mbpr.local" name="com.playphone.msportsUI.AccountLogout" tests="1" failures="0" timestamp="27 Jul 2017 22:51:59 GMT" time="133.425" errors="0">
  <testcase name="TestValidLogin" time="133.425" classname="com.playphone.msportsUI.AccountLogout"/>
</testsuite> <!-- com.playphone.msportsUI.AccountLogout -->
