<?xml version="1.0" encoding="UTF-8"?>
<!-- Generated by org.testng.reporters.JUnitReportReporter -->
<testsuite hostname="Siddharth-mbpr.local" name="com.playphone.msportsUI.AccountLoginValidUsernamePassword" tests="1" failures="0" timestamp="21 Jul 2017 20:49:21 GMT" time="88.157" errors="0">
  <testcase name="TestValidLogin" time="88.157" classname="com.playphone.msportsUI.AccountLoginValidUsernamePassword"/>
</testsuite> <!-- com.playphone.msportsUI.AccountLoginValidUsernamePassword -->
