<?xml version="1.0" encoding="UTF-8"?>
<!-- Generated by org.testng.reporters.JUnitReportReporter -->
<testsuite hostname="Siddharth-mbpr.local" name="com.playphone.msportsUI.myTournaments" tests="1" failures="0" timestamp="30 Jun 2017 20:18:41 GMT" time="160.445" errors="0">
  <testcase name="TestValidLogin" time="160.445" classname="com.playphone.msportsUI.myTournaments"/>
</testsuite> <!-- com.playphone.msportsUI.myTournaments -->
