<?xml version="1.0" encoding="UTF-8"?>
<!-- Generated by org.testng.reporters.JUnitReportReporter -->
<testsuite hostname="Siddharth-mbpr.local" name="com.playphone.msportsUI.SignupPrivacyPolicy" tests="1" failures="0" timestamp="22 Mar 2017 05:07:32 GMT" time="42.845" errors="0">
  <testcase name="PrivacyPolicy" time="42.845" classname="com.playphone.msportsUI.SignupPrivacyPolicy"/>
</testsuite> <!-- com.playphone.msportsUI.SignupPrivacyPolicy -->
