<?xml version="1.0" encoding="UTF-8"?>
<!-- Generated by org.testng.reporters.JUnitReportReporter -->
<testsuite hostname="Siddharth-mbpr.local" name="com.playphone.msportsUI.AccountSignup" tests="1" failures="0" timestamp="16 Mar 2017 20:16:42 GMT" time="66.913" errors="0">
  <testcase name="NewAccountSignup" time="66.913" classname="com.playphone.msportsUI.AccountSignup"/>
</testsuite> <!-- com.playphone.msportsUI.AccountSignup -->
