<?xml version="1.0" encoding="UTF-8"?>
<!-- Generated by org.testng.reporters.JUnitReportReporter -->
<testsuite hostname="Siddharth-mbpr.local" name="com.playphone.msportsUI.AllGamesMenu" tests="1" failures="0" timestamp="10 Apr 2017 20:19:40 GMT" time="36.455" errors="0">
  <testcase name="TestValidLogin" time="36.455" classname="com.playphone.msportsUI.AllGamesMenu"/>
</testsuite> <!-- com.playphone.msportsUI.AllGamesMenu -->
