<?xml version="1.0" encoding="UTF-8"?>
<!-- Generated by org.testng.reporters.JUnitReportReporter -->
<testsuite hostname="Siddharth-mbpr.local" name="com.playphone.msportsUI.NavBarCards" tests="1" failures="0" timestamp="25 Jul 2017 19:25:42 GMT" time="133.613" errors="0">
  <testcase name="TestValidLogin" time="133.613" classname="com.playphone.msportsUI.NavBarCards"/>
</testsuite> <!-- com.playphone.msportsUI.NavBarCards -->
