<?xml version="1.0" encoding="UTF-8"?>
<!-- Generated by org.testng.reporters.JUnitReportReporter -->
<testsuite hostname="Siddharth-mbpr.local" name="com.playphone.msportsUI.HomePageSupportTC" tests="1" failures="0" timestamp="10 Mar 2017 18:36:52 GMT" time="22.164" errors="0">
  <testcase name="SupportTC" time="22.164" classname="com.playphone.msportsUI.HomePageSupportTC"/>
</testsuite> <!-- com.playphone.msportsUI.HomePageSupportTC -->
