<?xml version="1.0" encoding="UTF-8"?>
<!-- Generated by org.testng.reporters.JUnitReportReporter -->
<testsuite hostname="Siddharth-mbpr.local" name="com.playphone.msportsUI.LoginClickPlayNow" tests="1" failures="0" timestamp="10 Apr 2017 20:19:40 GMT" time="56.306" errors="0">
  <testcase name="loginclickPlaynow" time="56.306" classname="com.playphone.msportsUI.LoginClickPlayNow"/>
</testsuite> <!-- com.playphone.msportsUI.LoginClickPlayNow -->
