<?xml version="1.0" encoding="UTF-8"?>
<!-- Generated by org.testng.reporters.JUnitReportReporter -->
<testsuite hostname="Siddharth-mbpr.local" name="com.playphone.msportsUI.playTournamentMsportsClose" tests="1" failures="0" timestamp="25 Jul 2017 23:26:32 GMT" time="97.061" errors="0">
  <testcase name="ClickPlayNowButton0" time="97.061" classname="com.playphone.msportsUI.playTournamentMsportsClose"/>
</testsuite> <!-- com.playphone.msportsUI.playTournamentMsportsClose -->
