<?xml version="1.0" encoding="UTF-8"?>
<!-- Generated by org.testng.reporters.JUnitReportReporter -->
<testsuite hostname="Siddharth-mbpr.local" name="com.playphone.msportsUI.LoginClickPlayNow" tests="1" failures="0" timestamp="20 Mar 2017 23:56:49 GMT" time="57.596" errors="0">
  <testcase name="loginclickPlaynow" time="57.596" classname="com.playphone.msportsUI.LoginClickPlayNow"/>
</testsuite> <!-- com.playphone.msportsUI.LoginClickPlayNow -->
