<?xml version="1.0" encoding="UTF-8"?>
<!-- Generated by org.testng.reporters.JUnitReportReporter -->
<testsuite hostname="Siddharth-mbpr.local" name="com.playphone.msportsUI.AccountSignup" tests="1" failures="0" timestamp="28 Mar 2017 21:43:37 GMT" time="98.499" errors="0">
  <testcase name="NewAccountSignup" time="98.499" classname="com.playphone.msportsUI.AccountSignup"/>
</testsuite> <!-- com.playphone.msportsUI.AccountSignup -->
