<?xml version="1.0" encoding="UTF-8"?>
<!-- Generated by org.testng.reporters.JUnitReportReporter -->
<testsuite hostname="Siddharth-mbpr.local" name="com.playphone.msportsUI.forgotpasswordloginpage" tests="1" failures="0" timestamp="21 Mar 2017 18:36:30 GMT" time="45.348" errors="0">
  <testcase name="forgotpassword" time="45.348" classname="com.playphone.msportsUI.forgotpasswordloginpage"/>
</testsuite> <!-- com.playphone.msportsUI.forgotpasswordloginpage -->
