<?xml version="1.0" encoding="UTF-8"?>
<!-- Generated by org.testng.reporters.JUnitReportReporter -->
<testsuite hostname="Siddharth-mbpr.local" name="com.playphone.msportsUI.HomePageSupportPrivacyPolicy" tests="1" failures="0" timestamp="10 Mar 2017 18:36:52 GMT" time="23.310" errors="0">
  <testcase name="SupportPrivacyPolicy" time="23.310" classname="com.playphone.msportsUI.HomePageSupportPrivacyPolicy"/>
</testsuite> <!-- com.playphone.msportsUI.HomePageSupportPrivacyPolicy -->
