<?xml version="1.0" encoding="UTF-8"?>
<!-- Generated by org.testng.reporters.JUnitReportReporter -->
<testsuite hostname="Siddharth-mbpr.local" name="com.playphone.msportsUI.AccountSignupNegative" tests="1" failures="0" timestamp="21 Jul 2017 17:34:11 GMT" time="76.400" errors="0">
  <testcase name="SignupNegative" time="76.400" classname="com.playphone.msportsUI.AccountSignupNegative"/>
</testsuite> <!-- com.playphone.msportsUI.AccountSignupNegative -->
