<?xml version="1.0" encoding="UTF-8"?>
<!-- Generated by org.testng.reporters.JUnitReportReporter -->
<testsuite hostname="Siddharth-mbpr.local" name="com.playphone.msportsUI.AccountLoginValidUsernamePassword" tests="1" failures="0" timestamp="31 May 2017 20:12:08 GMT" time="73.294" errors="0">
  <testcase name="TestValidLogin" time="73.294" classname="com.playphone.msportsUI.AccountLoginValidUsernamePassword"/>
</testsuite> <!-- com.playphone.msportsUI.AccountLoginValidUsernamePassword -->
