<?xml version="1.0" encoding="UTF-8"?>
<!-- Generated by org.testng.reporters.JUnitReportReporter -->
<testsuite hostname="Siddharth-mbpr.local" name="com.playphone.msportsUI.MenuDrawerInviteFriends" tests="1" failures="0" timestamp="25 Jul 2017 23:46:00 GMT" time="134.097" errors="0">
  <testcase name="TestValidLogin" time="134.097" classname="com.playphone.msportsUI.MenuDrawerInviteFriends"/>
</testsuite> <!-- com.playphone.msportsUI.MenuDrawerInviteFriends -->
