<?xml version="1.0" encoding="UTF-8"?>
<!-- Generated by org.testng.reporters.JUnitReportReporter -->
<testsuite hostname="Siddharth-mbpr.local" name="com.playphone.msportsUI.EditUserProfile" tests="1" failures="0" timestamp="21 Jul 2017 18:27:39 GMT" time="145.745" errors="0">
  <testcase name="TestValidLogin" time="145.745" classname="com.playphone.msportsUI.EditUserProfile"/>
</testsuite> <!-- com.playphone.msportsUI.EditUserProfile -->
