<?xml version="1.0" encoding="UTF-8"?>
<!-- Generated by org.testng.reporters.JUnitReportReporter -->
<testsuite hostname="Siddharth-mbpr.local" name="com.playphone.msportsUI.HomePageSupportFeedback" tests="1" failures="0" timestamp="9 Mar 2017 23:43:26 GMT" time="23.437" errors="0">
  <testcase name="SupportFeedback" time="23.437" classname="com.playphone.msportsUI.HomePageSupportFeedback"/>
</testsuite> <!-- com.playphone.msportsUI.HomePageSupportFeedback -->
