<?xml version="1.0" encoding="UTF-8"?>
<!-- Generated by org.testng.reporters.JUnitReportReporter -->
<testsuite hostname="Siddharth-mbpr.local" name="com.playphone.msportsUI.HomePageSupportPrivacyPolicy" tests="1" failures="0" timestamp="22 Mar 2017 19:12:49 GMT" time="32.487" errors="0">
  <testcase name="SupportPrivacyPolicy" time="32.487" classname="com.playphone.msportsUI.HomePageSupportPrivacyPolicy"/>
</testsuite> <!-- com.playphone.msportsUI.HomePageSupportPrivacyPolicy -->
