<?xml version="1.0" encoding="UTF-8"?>
<!-- Generated by org.testng.reporters.JUnitReportReporter -->
<testsuite hostname="Siddharth-mbpr.local" name="com.playphone.msportsUI.ClickPlayNow" tests="1" failures="0" timestamp="14 Mar 2017 21:52:46 GMT" time="110.784" errors="1">
  <testcase name="ClickPlayNowButton0" time="110.784" classname="com.playphone.msportsUI.ClickPlayNow">
    <error type="org.openqa.selenium.TimeoutException" message="Timed out after 60 seconds waiting for presence of element located by: By.xpath: //div[@data-pp-auto-id=&#039;icon-sdk-ui&#039;]
Build info: version: &#039;2.53.1&#039;, revision: &#039;a36b8b1&#039;, time: &#039;2016-06-30 17:32:46&#039;
System info: host: &#039;Siddharth-mbpr.local&#039;, ip: &#039;172.16.1.118&#039;, os.name: &#039;Mac OS X&#039;, os.arch: &#039;x86_64&#039;, os.version: &#039;10.11.6&#039;, java.version: &#039;1.8.0_102&#039;
Driver info: org.openqa.selenium.remote.RemoteWebDriver
Capabilities [{rotatable=false, raisesAccessibilityExceptions=false, firefoxOptions={args=[], profile=UEsDBBQACAgIAGR1bkoAAAAAAAAAAAAAAAAHAAAAdXNlci5qc51WTW/bMAy971cMOW3AKqTretlOXdcBA4Z1aFDsKMgSbauRJU0fcfPvR/mjSRNHbndKbJMS+fj4yOjBUeugfLconGnxiXhWQvdf6oo0TLXMAQHNCgVi8eFtyZSH91/exJ2nYAFtrHEhudTAVKj7Z4JGG8ln/DWE1rg1qUOwxNbS19uz9Nky788U6CrU6Pjx8vK52xiwAybwR0AAHkB8l86HK4yFK0C34OJhuKbBvB4pr51pgHrupA3URU2DbJLLxXL6osAKTxAOfauvlfEwnc1oLUyrlWEC79KsSsDWpv1Tg14hWgmpaXeLQdng02W0MYKpGexhE4xRnoBzxnGjvVH7cB+n72WljUbUGmgKcKvu0edz8eC9RKtgkAsOfETcSgyUcsd8nfdVUq+JsaApPAZwmqlUzFczqExlvYt6+rIWCuHkBp8Z54DljBoz90gHysEFP4nEU6Wkt4ptQdycL1e/DDInlfbTtDG+Erf6j9RYX3++JBIvMvd3P9FjwQoTw+dCMb1eHHOuT4gypeiDRzBSnLKH/ji2RysRbrQlbS0DKOkDHvA3SneKCYkGaxnI0E0j6zC5xIUsAIphYbAB8lTzibfRkhq7xuLZtAXFUwdFl0q6OEg5VVt3rCHRYoGBaIS23N6jyat1JNrUSjfZ8IBHJ8MWmaIA/xEfnOSBGicrqak1SvJtnqoaWmw7MuSTqeazQPuTSXq5ikUju1b53b286sj4Mt2cPCab8VN3DoVJRUHLE+q160NMs+34e9yIpizRDs6YtZ4g+0xLiy0VULKowrScjLBzbwf+TEd7zIcs20Y6I/dRqYLbkl4ZO/uPc7bZo0dEbu5/XpELwnZFOk7vgW1YPyGyonpYirFH8jw6jtvBQzfEspf0NE3H5/PcQ5zFYL71SrDiSIIkOufLUxran0o1C/hIYQM6zAyIvdF4ixSbjadQhq87UXtRpTwwx+uBN3NjtyE9u4mIjc1WDVn+Ii4+I4xBhJwU04p6JEKH6nMxvfr0an02th/SKMQZyAfbE9Iy7Djzy83e5PTdXN9NTpSg2Gl1FrlErekg9nrH9KOu24F+6Ot+TTm5nQ0zi3ZqJRBGXdGk/zMkqQHHJa+Br7/1gvW1//L6cUaYEDJFzGYmweTS/L/LsjJVlV4OW1xW+/d6qcv4GrUR27WQKrFPy6oO6sS023Mdb/wfaaNjI5AG98KOiIu0Szo4wGi3yqTVE4mNC+TMLrPre1X6aPsVYLdl/ANQSwcIy87bUaYDAAC2DAAAUEsBAhQAFAAICAgAZHVuSsvO21GmAwAAtgwAAAcAAAAAAAAAAAAAAAAAAAAAAHVzZXIuanNQSwUGAAAAAAEAAQA1AAAA2wMAAAAA}, appBuildId=20170125094131, version=, platform=LINUX, proxy={}, command_id=1, specificationLevel=0, acceptSslCerts=false, processId=19921, webdriver.remote.sessionid=e2ec3840-ce23-4155-abf2-35fbc27b61da, browserVersion=51.0.1, platformVersion=4.4.0-64-generic, XULappId={ec8030f7-c20a-464f-9b0e-13a3a9e97384}, browserName=firefox, takesScreenshot=true, takesElementScreenshot=true, javascriptEnabled=true, platformName=linux, cssSelectorsEnabled=true}]
Session ID: e2ec3840-ce23-4155-abf2-35fbc27b61da">
      <![CDATA[org.openqa.selenium.TimeoutException: Timed out after 60 seconds waiting for presence of element located by: By.xpath: //div[@data-pp-auto-id='icon-sdk-ui']
Build info: version: '2.53.1', revision: 'a36b8b1', time: '2016-06-30 17:32:46'
System info: host: 'Siddharth-mbpr.local', ip: '172.16.1.118', os.name: 'Mac OS X', os.arch: 'x86_64', os.version: '10.11.6', java.version: '1.8.0_102'
Driver info: org.openqa.selenium.remote.RemoteWebDriver
Capabilities [{rotatable=false, raisesAccessibilityExceptions=false, firefoxOptions={args=[], profile=UEsDBBQACAgIAGR1bkoAAAAAAAAAAAAAAAAHAAAAdXNlci5qc51WTW/bMAy971cMOW3AKqTretlOXdcBA4Z1aFDsKMgSbauRJU0fcfPvR/mjSRNHbndKbJMS+fj4yOjBUeugfLconGnxiXhWQvdf6oo0TLXMAQHNCgVi8eFtyZSH91/exJ2nYAFtrHEhudTAVKj7Z4JGG8ln/DWE1rg1qUOwxNbS19uz9Nky788U6CrU6Pjx8vK52xiwAybwR0AAHkB8l86HK4yFK0C34OJhuKbBvB4pr51pgHrupA3URU2DbJLLxXL6osAKTxAOfauvlfEwnc1oLUyrlWEC79KsSsDWpv1Tg14hWgmpaXeLQdng02W0MYKpGexhE4xRnoBzxnGjvVH7cB+n72WljUbUGmgKcKvu0edz8eC9RKtgkAsOfETcSgyUcsd8nfdVUq+JsaApPAZwmqlUzFczqExlvYt6+rIWCuHkBp8Z54DljBoz90gHysEFP4nEU6Wkt4ptQdycL1e/DDInlfbTtDG+Erf6j9RYX3++JBIvMvd3P9FjwQoTw+dCMb1eHHOuT4gypeiDRzBSnLKH/ji2RysRbrQlbS0DKOkDHvA3SneKCYkGaxnI0E0j6zC5xIUsAIphYbAB8lTzibfRkhq7xuLZtAXFUwdFl0q6OEg5VVt3rCHRYoGBaIS23N6jyat1JNrUSjfZ8IBHJ8MWmaIA/xEfnOSBGicrqak1SvJtnqoaWmw7MuSTqeazQPuTSXq5ikUju1b53b286sj4Mt2cPCab8VN3DoVJRUHLE+q160NMs+34e9yIpizRDs6YtZ4g+0xLiy0VULKowrScjLBzbwf+TEd7zIcs20Y6I/dRqYLbkl4ZO/uPc7bZo0dEbu5/XpELwnZFOk7vgW1YPyGyonpYirFH8jw6jtvBQzfEspf0NE3H5/PcQ5zFYL71SrDiSIIkOufLUxran0o1C/hIYQM6zAyIvdF4ixSbjadQhq87UXtRpTwwx+uBN3NjtyE9u4mIjc1WDVn+Ii4+I4xBhJwU04p6JEKH6nMxvfr0an02th/SKMQZyAfbE9Iy7Djzy83e5PTdXN9NTpSg2Gl1FrlErekg9nrH9KOu24F+6Ot+TTm5nQ0zi3ZqJRBGXdGk/zMkqQHHJa+Br7/1gvW1//L6cUaYEDJFzGYmweTS/L/LsjJVlV4OW1xW+/d6qcv4GrUR27WQKrFPy6oO6sS023Mdb/wfaaNjI5AG98KOiIu0Szo4wGi3yqTVE4mNC+TMLrPre1X6aPsVYLdl/ANQSwcIy87bUaYDAAC2DAAAUEsBAhQAFAAICAgAZHVuSsvO21GmAwAAtgwAAAcAAAAAAAAAAAAAAAAAAAAAAHVzZXIuanNQSwUGAAAAAAEAAQA1AAAA2wMAAAAA}, appBuildId=20170125094131, version=, platform=LINUX, proxy={}, command_id=1, specificationLevel=0, acceptSslCerts=false, processId=19921, webdriver.remote.sessionid=e2ec3840-ce23-4155-abf2-35fbc27b61da, browserVersion=51.0.1, platformVersion=4.4.0-64-generic, XULappId={ec8030f7-c20a-464f-9b0e-13a3a9e97384}, browserName=firefox, takesScreenshot=true, takesElementScreenshot=true, javascriptEnabled=true, platformName=linux, cssSelectorsEnabled=true}]
Session ID: e2ec3840-ce23-4155-abf2-35fbc27b61da
	at org.openqa.selenium.support.ui.WebDriverWait.timeoutException(WebDriverWait.java:80)
	at org.openqa.selenium.support.ui.FluentWait.until(FluentWait.java:261)
	at com.playphone.msportsUI.ClickPlayNow.ClickPlayNowButton0(ClickPlayNow.java:79)
	at sun.reflect.NativeMethodAccessorImpl.invoke0(Native Method)
	at sun.reflect.NativeMethodAccessorImpl.invoke(NativeMethodAccessorImpl.java:62)
	at sun.reflect.DelegatingMethodAccessorImpl.invoke(DelegatingMethodAccessorImpl.java:43)
	at java.lang.reflect.Method.invoke(Method.java:498)
	at org.testng.internal.MethodInvocationHelper.invokeMethod(MethodInvocationHelper.java:85)
	at org.testng.internal.Invoker.invokeMethod(Invoker.java:639)
	at org.testng.internal.Invoker.invokeTestMethod(Invoker.java:816)
	at org.testng.internal.Invoker.invokeTestMethods(Invoker.java:1124)
	at org.testng.internal.TestMethodWorker.invokeTestMethods(TestMethodWorker.java:125)
	at org.testng.internal.TestMethodWorker.run(TestMethodWorker.java:108)
	at org.testng.TestRunner.privateRun(TestRunner.java:774)
	at org.testng.TestRunner.run(TestRunner.java:624)
	at org.testng.SuiteRunner.runTest(SuiteRunner.java:359)
	at org.testng.SuiteRunner.runSequentially(SuiteRunner.java:354)
	at org.testng.SuiteRunner.privateRun(SuiteRunner.java:312)
	at org.testng.SuiteRunner.run(SuiteRunner.java:261)
	at org.testng.SuiteRunnerWorker.runSuite(SuiteRunnerWorker.java:52)
	at org.testng.SuiteRunnerWorker.run(SuiteRunnerWorker.java:86)
	at org.testng.TestNG.runSuitesSequentially(TestNG.java:1215)
	at org.testng.TestNG.runSuitesLocally(TestNG.java:1140)
	at org.testng.TestNG.run(TestNG.java:1048)
	at org.testng.remote.AbstractRemoteTestNG.run(AbstractRemoteTestNG.java:132)
	at org.testng.remote.RemoteTestNG.initAndRun(RemoteTestNG.java:236)
	at org.testng.remote.RemoteTestNG.main(RemoteTestNG.java:81)
Caused by: org.openqa.selenium.NoSuchElementException: Unable to locate element: //div[@data-pp-auto-id='icon-sdk-ui']
For documentation on this error, please visit: http://seleniumhq.org/exceptions/no_such_element.html
Build info: version: '3.0.0', revision: '350cf60', time: '2016-10-13 10:48:16 -0700'
System info: host: 'ubuntu', ip: '127.0.1.1', os.name: 'Linux', os.arch: 'amd64', os.version: '4.4.0-64-generic', java.version: '1.8.0_121'
Driver info: org.openqa.selenium.firefox.FirefoxDriver
Capabilities [{rotatable=false, raisesAccessibilityExceptions=false, firefoxOptions={args=[], profile=UEsDBBQACAgIAGR1bkoAAAAAAAAAAAAAAAAHAAAAdXNlci5qc51WTW/bMAy971cMOW3AKqTretlOXdcBA4Z1aFDsKMgSbauRJU0fcfPvR/mjSRNHbndKbJMS+fj4yOjBUeugfLconGnxiXhWQvdf6oo0TLXMAQHNCgVi8eFtyZSH91/exJ2nYAFtrHEhudTAVKj7Z4JGG8ln/DWE1rg1qUOwxNbS19uz9Nky788U6CrU6Pjx8vK52xiwAybwR0AAHkB8l86HK4yFK0C34OJhuKbBvB4pr51pgHrupA3URU2DbJLLxXL6osAKTxAOfauvlfEwnc1oLUyrlWEC79KsSsDWpv1Tg14hWgmpaXeLQdng02W0MYKpGexhE4xRnoBzxnGjvVH7cB+n72WljUbUGmgKcKvu0edz8eC9RKtgkAsOfETcSgyUcsd8nfdVUq+JsaApPAZwmqlUzFczqExlvYt6+rIWCuHkBp8Z54DljBoz90gHysEFP4nEU6Wkt4ptQdycL1e/DDInlfbTtDG+Erf6j9RYX3++JBIvMvd3P9FjwQoTw+dCMb1eHHOuT4gypeiDRzBSnLKH/ji2RysRbrQlbS0DKOkDHvA3SneKCYkGaxnI0E0j6zC5xIUsAIphYbAB8lTzibfRkhq7xuLZtAXFUwdFl0q6OEg5VVt3rCHRYoGBaIS23N6jyat1JNrUSjfZ8IBHJ8MWmaIA/xEfnOSBGicrqak1SvJtnqoaWmw7MuSTqeazQPuTSXq5ikUju1b53b286sj4Mt2cPCab8VN3DoVJRUHLE+q160NMs+34e9yIpizRDs6YtZ4g+0xLiy0VULKowrScjLBzbwf+TEd7zIcs20Y6I/dRqYLbkl4ZO/uPc7bZo0dEbu5/XpELwnZFOk7vgW1YPyGyonpYirFH8jw6jtvBQzfEspf0NE3H5/PcQ5zFYL71SrDiSIIkOufLUxran0o1C/hIYQM6zAyIvdF4ixSbjadQhq87UXtRpTwwx+uBN3NjtyE9u4mIjc1WDVn+Ii4+I4xBhJwU04p6JEKH6nMxvfr0an02th/SKMQZyAfbE9Iy7Djzy83e5PTdXN9NTpSg2Gl1FrlErekg9nrH9KOu24F+6Ot+TTm5nQ0zi3ZqJRBGXdGk/zMkqQHHJa+Br7/1gvW1//L6cUaYEDJFzGYmweTS/L/LsjJVlV4OW1xW+/d6qcv4GrUR27WQKrFPy6oO6sS023Mdb/wfaaNjI5AG98KOiIu0Szo4wGi3yqTVE4mNC+TMLrPre1X6aPsVYLdl/ANQSwcIy87bUaYDAAC2DAAAUEsBAhQAFAAICAgAZHVuSsvO21GmAwAAtgwAAAcAAAAAAAAAAAAAAAAAAAAAAHVzZXIuanNQSwUGAAAAAAEAAQA1AAAA2wMAAAAA}, appBuildId=20170125094131, version=, platform=LINUX, proxy={}, command_id=1, specificationLevel=0, acceptSslCerts=false, processId=19921, browserVersion=51.0.1, platformVersion=4.4.0-64-generic, XULappId={ec8030f7-c20a-464f-9b0e-13a3a9e97384}, browserName=firefox, takesScreenshot=true, takesElementScreenshot=true, platformName=linux}]
Session ID: eabdf09b-404d-4de3-8d38-4f54823a0fec
*** Element info: {Using=xpath, value=//div[@data-pp-auto-id='icon-sdk-ui']}
Command duration or timeout: 962 milliseconds
For documentation on this error, please visit: http://seleniumhq.org/exceptions/no_such_element.html
Build info: version: '2.53.1', revision: 'a36b8b1', time: '2016-06-30 17:32:46'
System info: host: 'Siddharth-mbpr.local', ip: '172.16.1.118', os.name: 'Mac OS X', os.arch: 'x86_64', os.version: '10.11.6', java.version: '1.8.0_102'
Driver info: org.openqa.selenium.remote.RemoteWebDriver
Capabilities [{rotatable=false, raisesAccessibilityExceptions=false, firefoxOptions={args=[], profile=UEsDBBQACAgIAGR1bkoAAAAAAAAAAAAAAAAHAAAAdXNlci5qc51WTW/bMAy971cMOW3AKqTretlOXdcBA4Z1aFDsKMgSbauRJU0fcfPvR/mjSRNHbndKbJMS+fj4yOjBUeugfLconGnxiXhWQvdf6oo0TLXMAQHNCgVi8eFtyZSH91/exJ2nYAFtrHEhudTAVKj7Z4JGG8ln/DWE1rg1qUOwxNbS19uz9Nky788U6CrU6Pjx8vK52xiwAybwR0AAHkB8l86HK4yFK0C34OJhuKbBvB4pr51pgHrupA3URU2DbJLLxXL6osAKTxAOfauvlfEwnc1oLUyrlWEC79KsSsDWpv1Tg14hWgmpaXeLQdng02W0MYKpGexhE4xRnoBzxnGjvVH7cB+n72WljUbUGmgKcKvu0edz8eC9RKtgkAsOfETcSgyUcsd8nfdVUq+JsaApPAZwmqlUzFczqExlvYt6+rIWCuHkBp8Z54DljBoz90gHysEFP4nEU6Wkt4ptQdycL1e/DDInlfbTtDG+Erf6j9RYX3++JBIvMvd3P9FjwQoTw+dCMb1eHHOuT4gypeiDRzBSnLKH/ji2RysRbrQlbS0DKOkDHvA3SneKCYkGaxnI0E0j6zC5xIUsAIphYbAB8lTzibfRkhq7xuLZtAXFUwdFl0q6OEg5VVt3rCHRYoGBaIS23N6jyat1JNrUSjfZ8IBHJ8MWmaIA/xEfnOSBGicrqak1SvJtnqoaWmw7MuSTqeazQPuTSXq5ikUju1b53b286sj4Mt2cPCab8VN3DoVJRUHLE+q160NMs+34e9yIpizRDs6YtZ4g+0xLiy0VULKowrScjLBzbwf+TEd7zIcs20Y6I/dRqYLbkl4ZO/uPc7bZo0dEbu5/XpELwnZFOk7vgW1YPyGyonpYirFH8jw6jtvBQzfEspf0NE3H5/PcQ5zFYL71SrDiSIIkOufLUxran0o1C/hIYQM6zAyIvdF4ixSbjadQhq87UXtRpTwwx+uBN3NjtyE9u4mIjc1WDVn+Ii4+I4xBhJwU04p6JEKH6nMxvfr0an02th/SKMQZyAfbE9Iy7Djzy83e5PTdXN9NTpSg2Gl1FrlErekg9nrH9KOu24F+6Ot+TTm5nQ0zi3ZqJRBGXdGk/zMkqQHHJa+Br7/1gvW1//L6cUaYEDJFzGYmweTS/L/LsjJVlV4OW1xW+/d6qcv4GrUR27WQKrFPy6oO6sS023Mdb/wfaaNjI5AG98KOiIu0Szo4wGi3yqTVE4mNC+TMLrPre1X6aPsVYLdl/ANQSwcIy87bUaYDAAC2DAAAUEsBAhQAFAAICAgAZHVuSsvO21GmAwAAtgwAAAcAAAAAAAAAAAAAAAAAAAAAAHVzZXIuanNQSwUGAAAAAAEAAQA1AAAA2wMAAAAA}, appBuildId=20170125094131, version=, platform=LINUX, proxy={}, command_id=1, specificationLevel=0, acceptSslCerts=false, processId=19921, webdriver.remote.sessionid=e2ec3840-ce23-4155-abf2-35fbc27b61da, browserVersion=51.0.1, platformVersion=4.4.0-64-generic, XULappId={ec8030f7-c20a-464f-9b0e-13a3a9e97384}, browserName=firefox, takesScreenshot=true, takesElementScreenshot=true, javascriptEnabled=true, platformName=linux, cssSelectorsEnabled=true}]
Session ID: e2ec3840-ce23-4155-abf2-35fbc27b61da
*** Element info: {Using=xpath, value=//div[@data-pp-auto-id='icon-sdk-ui']}
	at sun.reflect.GeneratedConstructorAccessor11.newInstance(Unknown Source)
	at sun.reflect.DelegatingConstructorAccessorImpl.newInstance(DelegatingConstructorAccessorImpl.java:45)
	at java.lang.reflect.Constructor.newInstance(Constructor.java:423)
	at org.openqa.selenium.remote.ErrorHandler.createThrowable(ErrorHandler.java:206)
	at org.openqa.selenium.remote.ErrorHandler.throwIfResponseFailed(ErrorHandler.java:158)
	at org.openqa.selenium.remote.RemoteWebDriver.execute(RemoteWebDriver.java:678)
	at org.openqa.selenium.remote.RemoteWebDriver.findElement(RemoteWebDriver.java:363)
	at org.openqa.selenium.remote.RemoteWebDriver.findElementByXPath(RemoteWebDriver.java:500)
	at org.openqa.selenium.By$ByXPath.findElement(By.java:361)
	at org.openqa.selenium.remote.RemoteWebDriver.findElement(RemoteWebDriver.java:355)
	at org.openqa.selenium.support.ui.ExpectedConditions.findElement(ExpectedConditions.java:899)
	at org.openqa.selenium.support.ui.ExpectedConditions.access$0(ExpectedConditions.java:897)
	at org.openqa.selenium.support.ui.ExpectedConditions$6.apply(ExpectedConditions.java:181)
	at org.openqa.selenium.support.ui.ExpectedConditions$6.apply(ExpectedConditions.java:1)
	at org.openqa.selenium.support.ui.FluentWait.until(FluentWait.java:238)
	... 25 more
Caused by: org.openqa.selenium.remote.ScreenshotException: Screen shot has been taken
Build info: version: '2.53.1', revision: 'a36b8b1', time: '2016-06-30 17:32:46'
System info: host: 'Siddharth-mbpr.local', ip: '172.16.1.118', os.name: 'Mac OS X', os.arch: 'x86_64', os.version: '10.11.6', java.version: '1.8.0_102'
Driver info: driver.version: RemoteWebDriver
	at org.openqa.selenium.remote.ErrorHandler.throwIfResponseFailed(ErrorHandler.java:138)
	... 35 more
Caused by: org.openqa.selenium.NoSuchElementException: Unable to locate element: //div[@data-pp-auto-id='icon-sdk-ui']
For documentation on this error, please visit: http://seleniumhq.org/exceptions/no_such_element.html
Build info: version: '3.0.0', revision: '350cf60', time: '2016-10-13 10:48:16 -0700'
System info: host: 'ubuntu', ip: '127.0.1.1', os.name: 'Linux', os.arch: 'amd64', os.version: '4.4.0-64-generic', java.version: '1.8.0_121'
Driver info: org.openqa.selenium.firefox.FirefoxDriver
Capabilities [{rotatable=false, raisesAccessibilityExceptions=false, firefoxOptions={args=[], profile=UEsDBBQACAgIAGR1bkoAAAAAAAAAAAAAAAAHAAAAdXNlci5qc51WTW/bMAy971cMOW3AKqTretlOXdcBA4Z1aFDsKMgSbauRJU0fcfPvR/mjSRNHbndKbJMS+fj4yOjBUeugfLconGnxiXhWQvdf6oo0TLXMAQHNCgVi8eFtyZSH91/exJ2nYAFtrHEhudTAVKj7Z4JGG8ln/DWE1rg1qUOwxNbS19uz9Nky788U6CrU6Pjx8vK52xiwAybwR0AAHkB8l86HK4yFK0C34OJhuKbBvB4pr51pgHrupA3URU2DbJLLxXL6osAKTxAOfauvlfEwnc1oLUyrlWEC79KsSsDWpv1Tg14hWgmpaXeLQdng02W0MYKpGexhE4xRnoBzxnGjvVH7cB+n72WljUbUGmgKcKvu0edz8eC9RKtgkAsOfETcSgyUcsd8nfdVUq+JsaApPAZwmqlUzFczqExlvYt6+rIWCuHkBp8Z54DljBoz90gHysEFP4nEU6Wkt4ptQdycL1e/DDInlfbTtDG+Erf6j9RYX3++JBIvMvd3P9FjwQoTw+dCMb1eHHOuT4gypeiDRzBSnLKH/ji2RysRbrQlbS0DKOkDHvA3SneKCYkGaxnI0E0j6zC5xIUsAIphYbAB8lTzibfRkhq7xuLZtAXFUwdFl0q6OEg5VVt3rCHRYoGBaIS23N6jyat1JNrUSjfZ8IBHJ8MWmaIA/xEfnOSBGicrqak1SvJtnqoaWmw7MuSTqeazQPuTSXq5ikUju1b53b286sj4Mt2cPCab8VN3DoVJRUHLE+q160NMs+34e9yIpizRDs6YtZ4g+0xLiy0VULKowrScjLBzbwf+TEd7zIcs20Y6I/dRqYLbkl4ZO/uPc7bZo0dEbu5/XpELwnZFOk7vgW1YPyGyonpYirFH8jw6jtvBQzfEspf0NE3H5/PcQ5zFYL71SrDiSIIkOufLUxran0o1C/hIYQM6zAyIvdF4ixSbjadQhq87UXtRpTwwx+uBN3NjtyE9u4mIjc1WDVn+Ii4+I4xBhJwU04p6JEKH6nMxvfr0an02th/SKMQZyAfbE9Iy7Djzy83e5PTdXN9NTpSg2Gl1FrlErekg9nrH9KOu24F+6Ot+TTm5nQ0zi3ZqJRBGXdGk/zMkqQHHJa+Br7/1gvW1//L6cUaYEDJFzGYmweTS/L/LsjJVlV4OW1xW+/d6qcv4GrUR27WQKrFPy6oO6sS023Mdb/wfaaNjI5AG98KOiIu0Szo4wGi3yqTVE4mNC+TMLrPre1X6aPsVYLdl/ANQSwcIy87bUaYDAAC2DAAAUEsBAhQAFAAICAgAZHVuSsvO21GmAwAAtgwAAAcAAAAAAAAAAAAAAAAAAAAAAHVzZXIuanNQSwUGAAAAAAEAAQA1AAAA2wMAAAAA}, appBuildId=20170125094131, version=, platform=LINUX, proxy={}, command_id=1, specificationLevel=0, acceptSslCerts=false, processId=19921, browserVersion=51.0.1, platformVersion=4.4.0-64-generic, XULappId={ec8030f7-c20a-464f-9b0e-13a3a9e97384}, browserName=firefox, takesScreenshot=true, takesElementScreenshot=true, platformName=linux}]
Session ID: eabdf09b-404d-4de3-8d38-4f54823a0fec
*** Element info: {Using=xpath, value=//div[@data-pp-auto-id='icon-sdk-ui']}
For documentation on this error, please visit: http://seleniumhq.org/exceptions/no_such_element.html
Build info: version: '2.53.1', revision: 'a36b8b1', time: '2016-06-30 17:32:46'
System info: host: 'Siddharth-mbpr.local', ip: '172.16.1.118', os.name: 'Mac OS X', os.arch: 'x86_64', os.version: '10.11.6', java.version: '1.8.0_102'
Driver info: driver.version: EventFiringWebDriver
	at sun.reflect.GeneratedConstructorAccessor50.newInstance(Unknown Source)
	at sun.reflect.DelegatingConstructorAccessorImpl.newInstance(DelegatingConstructorAccessorImpl.java:45)
	at java.lang.reflect.Constructor.newInstance(Constructor.java:423)
	at org.openqa.selenium.remote.http.W3CHttpResponseCodec.createException(W3CHttpResponseCodec.java:127)
	at org.openqa.selenium.remote.http.W3CHttpResponseCodec.decode(W3CHttpResponseCodec.java:93)
	at org.openqa.selenium.remote.http.W3CHttpResponseCodec.decode(W3CHttpResponseCodec.java:42)
	at org.openqa.selenium.remote.HttpCommandExecutor.execute(HttpCommandExecutor.java:163)
	at org.openqa.selenium.remote.service.DriverCommandExecutor.execute(DriverCommandExecutor.java:82)
	at org.openqa.selenium.remote.RemoteWebDriver.execute(RemoteWebDriver.java:601)
	at org.openqa.selenium.remote.RemoteWebDriver.findElement(RemoteWebDriver.java:368)
	at org.openqa.selenium.remote.RemoteWebDriver.findElementByXPath(RemoteWebDriver.java:473)
	at org.openqa.selenium.By$ByXPath.findElement(By.java:361)
	at org.openqa.selenium.remote.RemoteWebDriver.findElement(RemoteWebDriver.java:360)
	at sun.reflect.GeneratedMethodAccessor26.invoke(Unknown Source)
	at sun.reflect.DelegatingMethodAccessorImpl.invoke(DelegatingMethodAccessorImpl.java:43)
	at java.lang.reflect.Method.invoke(Method.java:498)
	at org.openqa.selenium.support.events.EventFiringWebDriver$2.invoke(EventFiringWebDriver.java:103)
	at com.sun.proxy.$Proxy8.findElement(Unknown Source)
	at org.openqa.selenium.support.events.EventFiringWebDriver.findElement(EventFiringWebDriver.java:187)
	at org.openqa.selenium.remote.server.handler.FindElement.call(FindElement.java:48)
	at org.openqa.selenium.remote.server.handler.FindElement.call(FindElement.java:33)
	at java.util.concurrent.FutureTask.run(FutureTask.java:266)
	at org.openqa.selenium.remote.server.DefaultSession$1.run(DefaultSession.java:176)
	at java.util.concurrent.ThreadPoolExecutor.runWorker(ThreadPoolExecutor.java:1142)
	at java.util.concurrent.ThreadPoolExecutor$Worker.run(ThreadPoolExecutor.java:617)
	at java.lang.Thread.run(Thread.java:745)
]]>
    </error>
  </testcase> <!-- ClickPlayNowButton0 -->
</testsuite> <!-- com.playphone.msportsUI.ClickPlayNow -->
