<?xml version="1.0" encoding="UTF-8"?>
<!-- Generated by org.testng.reporters.JUnitReportReporter -->
<testsuite hostname="Siddharth-mbpr.local" name="com.playphone.msportsUI.HomePageSupportCommunity" tests="1" failures="0" timestamp="16 Mar 2017 18:45:59 GMT" time="30.912" errors="0">
  <testcase name="SupportCommunity" time="30.912" classname="com.playphone.msportsUI.HomePageSupportCommunity"/>
</testsuite> <!-- com.playphone.msportsUI.HomePageSupportCommunity -->
