<?xml version="1.0" encoding="UTF-8"?>
<!-- Generated by org.testng.reporters.JUnitReportReporter -->
<testsuite hostname="Siddharth-mbpr.local" name="com.playphone.msportsUI.WebDriverBuilder" tests="1" failures="0" timestamp="22 Feb 2017 06:08:25 GMT" time="12.767" errors="0">
  <testcase name="ti" time="12.767" classname="com.playphone.msportsUI.WebDriverBuilder"/>
</testsuite> <!-- com.playphone.msportsUI.WebDriverBuilder -->
