<?xml version="1.0" encoding="UTF-8"?>
<!-- Generated by org.testng.reporters.JUnitReportReporter -->
<testsuite hostname="Siddharth-mbpr.local" name="com.playphone.msportsUI.AccountLoginValidUsernamePassword" tests="1" failures="0" timestamp="14 Mar 2017 23:40:21 GMT" time="44.442" errors="0">
  <testcase name="TestValidLogin" time="44.442" classname="com.playphone.msportsUI.AccountLoginValidUsernamePassword"/>
</testsuite> <!-- com.playphone.msportsUI.AccountLoginValidUsernamePassword -->
