<?xml version="1.0" encoding="UTF-8"?>
<!-- Generated by org.testng.reporters.JUnitReportReporter -->
<testsuite hostname="Siddharth-mbpr.local" name="com.playphone.msportsUI.AccountLoginUsernameNegative" tests="1" failures="0" timestamp="21 Jul 2017 17:07:57 GMT" time="76.305" errors="0">
  <testcase name="TestInvalidUsername" time="76.305" classname="com.playphone.msportsUI.AccountLoginUsernameNegative"/>
</testsuite> <!-- com.playphone.msportsUI.AccountLoginUsernameNegative -->
