<?xml version="1.0" encoding="UTF-8"?>
<!-- Generated by org.testng.reporters.JUnitReportReporter -->
<testsuite hostname="Siddharth-mbpr.local" name="com.playphone.msportsUI.ClickPlayNow0" tests="1" failures="0" timestamp="21 Mar 2017 21:58:35 GMT" time="35.281" errors="0">
  <testcase name="ClickPlayNowButton0" time="35.281" classname="com.playphone.msportsUI.ClickPlayNow0"/>
</testsuite> <!-- com.playphone.msportsUI.ClickPlayNow0 -->
