<?xml version="1.0" encoding="UTF-8"?>
<!-- Generated by org.testng.reporters.JUnitReportReporter -->
<testsuite hostname="Siddharth-mbpr.local" name="com.playphone.msportsUI.ClickPlayNow" tests="1" failures="0" timestamp="15 Mar 2017 20:37:42 GMT" time="42.242" errors="0">
  <testcase name="ClickPlayNowButton0" time="42.242" classname="com.playphone.msportsUI.ClickPlayNow"/>
</testsuite> <!-- com.playphone.msportsUI.ClickPlayNow -->
