<?xml version="1.0" encoding="UTF-8"?>
<!-- Generated by org.testng.reporters.JUnitReportReporter -->
<testsuite hostname="Siddharth-mbpr.local" name="com.playphone.msportsUI.LoginClickPlayNow" tests="1" failures="0" timestamp="2 May 2017 18:23:47 GMT" time="64.757" errors="0">
  <testcase name="loginclickPlaynow" time="64.757" classname="com.playphone.msportsUI.LoginClickPlayNow"/>
</testsuite> <!-- com.playphone.msportsUI.LoginClickPlayNow -->
