<?xml version="1.0" encoding="UTF-8"?>
<!-- Generated by org.testng.reporters.JUnitReportReporter -->
<testsuite hostname="Siddharth-mbpr.local" name="com.playphone.msportsUI.ClickPlayNow5" tests="1" failures="0" timestamp="21 Mar 2017 20:34:09 GMT" time="60.751" errors="0">
  <testcase name="ClickPlayNowButton0" time="60.751" classname="com.playphone.msportsUI.ClickPlayNow5"/>
</testsuite> <!-- com.playphone.msportsUI.ClickPlayNow5 -->
