<?xml version="1.0" encoding="UTF-8"?>
<!-- Generated by org.testng.reporters.JUnitReportReporter -->
<testsuite hostname="Siddharth-mbpr.local" name="com.playphone.msportsUI.MenuHowItWorks" tests="1" failures="0" timestamp="10 Apr 2017 20:19:40 GMT" time="32.962" errors="0">
  <testcase name="TestValidLogin" time="32.962" classname="com.playphone.msportsUI.MenuHowItWorks"/>
</testsuite> <!-- com.playphone.msportsUI.MenuHowItWorks -->
