<?xml version="1.0" encoding="UTF-8"?>
<!-- Generated by org.testng.reporters.JUnitReportReporter -->
<testsuite hostname="Siddharth-mbpr.local" name="com.playphone.msportsUI.HomePageSupportContactUs" tests="1" failures="0" timestamp="14 Mar 2017 23:40:21 GMT" time="26.905" errors="0">
  <testcase name="SupportContactUs" time="26.905" classname="com.playphone.msportsUI.HomePageSupportContactUs"/>
</testsuite> <!-- com.playphone.msportsUI.HomePageSupportContactUs -->
