<?xml version="1.0" encoding="UTF-8"?>
<!-- Generated by org.testng.reporters.JUnitReportReporter -->
<testsuite hostname="Siddharth-mbpr.local" name="com.playphone.msportsUI.AllGamesMenu" tests="1" failures="0" timestamp="2 May 2017 18:23:47 GMT" time="41.079" errors="0">
  <testcase name="TestValidLogin" time="41.079" classname="com.playphone.msportsUI.AllGamesMenu"/>
</testsuite> <!-- com.playphone.msportsUI.AllGamesMenu -->
