<?xml version="1.0" encoding="UTF-8"?>
<!-- Generated by org.testng.reporters.JUnitReportReporter -->
<testsuite hostname="Siddharth-mbpr.local" name="com.playphone.msportsUI.AccountLogout" tests="1" failures="0" timestamp="31 May 2017 20:48:54 GMT" time="73.774" errors="0">
  <testcase name="TestValidLogin" time="73.774" classname="com.playphone.msportsUI.AccountLogout"/>
</testsuite> <!-- com.playphone.msportsUI.AccountLogout -->
