<?xml version="1.0" encoding="UTF-8"?>
<!-- Generated by org.testng.reporters.JUnitReportReporter -->
<testsuite hostname="Siddharth-mbpr.local" name="com.playphone.msportsUI.MenuDrawerLogin" tests="1" failures="0" timestamp="25 Jul 2017 21:01:55 GMT" time="82.879" errors="0">
  <testcase name="TestValidLogin" time="82.879" classname="com.playphone.msportsUI.MenuDrawerLogin"/>
</testsuite> <!-- com.playphone.msportsUI.MenuDrawerLogin -->
