<?xml version="1.0" encoding="UTF-8"?>
<!-- Generated by org.testng.reporters.JUnitReportReporter -->
<testsuite hostname="Siddharth-mbpr.local" name="com.playphone.msportsUI.HomePageSupportFeedback" tests="1" failures="0" timestamp="22 Mar 2017 05:07:32 GMT" time="22.007" errors="0">
  <testcase name="SupportFeedback" time="22.007" classname="com.playphone.msportsUI.HomePageSupportFeedback"/>
</testsuite> <!-- com.playphone.msportsUI.HomePageSupportFeedback -->
