<?xml version="1.0" encoding="UTF-8"?>
<!-- Generated by org.testng.reporters.JUnitReportReporter -->
<testsuite hostname="Siddharth-mbpr.local" name="com.playphone.msportsUI.SpinsPage" tests="1" failures="0" timestamp="10 Apr 2017 18:20:18 GMT" time="39.848" errors="0">
  <testcase name="TestValidLogin" time="39.848" classname="com.playphone.msportsUI.SpinsPage"/>
</testsuite> <!-- com.playphone.msportsUI.SpinsPage -->
