<?xml version="1.0" encoding="UTF-8"?>
<!-- Generated by org.testng.reporters.JUnitReportReporter -->
<testsuite hostname="Siddharth-mbpr.local" name="com.playphone.msportsUI.forgotpasswordloginpage" tests="1" failures="0" timestamp="16 Mar 2017 18:45:58 GMT" time="32.627" errors="0">
  <testcase name="forgotpassword" time="32.627" classname="com.playphone.msportsUI.forgotpasswordloginpage"/>
</testsuite> <!-- com.playphone.msportsUI.forgotpasswordloginpage -->
