<?xml version="1.0" encoding="UTF-8"?>
<!-- Generated by org.testng.reporters.JUnitReportReporter -->
<testsuite hostname="Siddharth-mbpr.local" name="com.playphone.msportsUI.EditUserProfile" tests="1" failures="0" timestamp="25 Jul 2017 18:29:09 GMT" time="151.198" errors="0">
  <testcase name="TestValidLogin" time="151.198" classname="com.playphone.msportsUI.EditUserProfile"/>
</testsuite> <!-- com.playphone.msportsUI.EditUserProfile -->
