<?xml version="1.0" encoding="UTF-8"?>
<!-- Generated by org.testng.reporters.JUnitReportReporter -->
<testsuite hostname="Siddharth-mbpr.local" name="com.playphone.msportsUI.ChangePassword" tests="1" failures="0" timestamp="21 Jul 2017 18:03:40 GMT" time="190.742" errors="0">
  <testcase name="NewAccountSignup" time="190.742" classname="com.playphone.msportsUI.ChangePassword"/>
</testsuite> <!-- com.playphone.msportsUI.ChangePassword -->
