<?xml version="1.0" encoding="UTF-8"?>
<!-- Generated by org.testng.reporters.JUnitReportReporter -->
<testsuite hostname="Siddharth-mbpr.local" name="com.playphone.msportsUI.AccountSignUpWithGoogle" tests="1" failures="0" timestamp="21 Jul 2017 17:52:10 GMT" time="85.771" errors="0">
  <testcase name="NewAccountSignup" time="85.771" classname="com.playphone.msportsUI.AccountSignUpWithGoogle"/>
</testsuite> <!-- com.playphone.msportsUI.AccountSignUpWithGoogle -->
