<?xml version="1.0" encoding="UTF-8"?>
<!-- Generated by org.testng.reporters.JUnitReportReporter -->
<testsuite hostname="Siddharth-mbpr.local" name="com.playphone.msportsUI.MenuButton" tests="1" failures="0" timestamp="23 Feb 2017 19:15:32 GMT" time="8.251" errors="0">
  <testcase name="test" time="8.251" classname="com.playphone.msportsUI.MenuButton"/>
</testsuite> <!-- com.playphone.msportsUI.MenuButton -->
