<?xml version="1.0" encoding="UTF-8"?>
<!-- Generated by org.testng.reporters.JUnitReportReporter -->
<testsuite hostname="Siddharth-mbpr.local" name="com.playphone.msportsUI.HomePageLogout" tests="1" failures="0" timestamp="22 Mar 2017 19:12:49 GMT" time="58.150" errors="0">
  <testcase name="TestValidLogin" time="58.150" classname="com.playphone.msportsUI.HomePageLogout"/>
</testsuite> <!-- com.playphone.msportsUI.HomePageLogout -->
