<?xml version="1.0" encoding="UTF-8"?>
<!-- Generated by org.testng.reporters.JUnitReportReporter -->
<testsuite hostname="Siddharth-mbpr.local" name="com.playphone.msportsUI.HomePageLogout" tests="1" failures="0" timestamp="10 Mar 2017 20:44:19 GMT" time="46.655" errors="0">
  <testcase name="TestValidLogin" time="46.655" classname="com.playphone.msportsUI.HomePageLogout"/>
</testsuite> <!-- com.playphone.msportsUI.HomePageLogout -->
