<?xml version="1.0" encoding="UTF-8"?>
<!-- Generated by org.testng.reporters.JUnitReportReporter -->
<testsuite hostname="Siddharth-mbpr.local" name="com.playphone.msportsUI.HomePageSupportPrivacyPolicy" tests="1" failures="0" timestamp="28 Mar 2017 21:43:37 GMT" time="40.421" errors="0">
  <testcase name="SupportPrivacyPolicy" time="40.421" classname="com.playphone.msportsUI.HomePageSupportPrivacyPolicy"/>
</testsuite> <!-- com.playphone.msportsUI.HomePageSupportPrivacyPolicy -->
