<?xml version="1.0" encoding="UTF-8"?>
<!-- Generated by org.testng.reporters.JUnitReportReporter -->
<testsuite hostname="Siddharth-mbpr.local" name="com.playphone.msportsUI.forgotpasswordloginpage" tests="1" failures="0" timestamp="25 Jul 2017 22:14:56 GMT" time="71.138" errors="0">
  <testcase name="forgotpassword" time="71.138" classname="com.playphone.msportsUI.forgotpasswordloginpage"/>
</testsuite> <!-- com.playphone.msportsUI.forgotpasswordloginpage -->
