<?xml version="1.0" encoding="UTF-8"?>
<!-- Generated by org.testng.reporters.JUnitReportReporter -->
<testsuite hostname="Siddharth-mbpr.local" name="com.playphone.msportsUI.HomePageSupportTC" tests="1" failures="0" timestamp="22 Mar 2017 19:12:49 GMT" time="42.969" errors="0">
  <testcase name="SupportTC" time="42.969" classname="com.playphone.msportsUI.HomePageSupportTC"/>
</testsuite> <!-- com.playphone.msportsUI.HomePageSupportTC -->
