<?xml version="1.0" encoding="UTF-8"?>
<!-- Generated by org.testng.reporters.JUnitReportReporter -->
<testsuite hostname="Siddharth-mbpr.local" name="com.playphone.msportsUI.AccountSignup" tests="1" failures="0" timestamp="10 Mar 2017 18:36:52 GMT" time="69.077" errors="0">
  <testcase name="NewAccountSignup" time="69.077" classname="com.playphone.msportsUI.AccountSignup"/>
</testsuite> <!-- com.playphone.msportsUI.AccountSignup -->
