<?xml version="1.0" encoding="UTF-8"?>
<!-- Generated by org.testng.reporters.JUnitReportReporter -->
<testsuite hostname="Siddharth-mbpr.local" name="com.playphone.msportsUI.myTournamentsMenu" tests="1" failures="0" timestamp="24 Mar 2017 17:59:17 GMT" time="50.375" errors="0">
  <testcase name="TestValidLogin" time="50.375" classname="com.playphone.msportsUI.myTournamentsMenu"/>
</testsuite> <!-- com.playphone.msportsUI.myTournamentsMenu -->
