<?xml version="1.0" encoding="UTF-8"?>
<!-- Generated by org.testng.reporters.JUnitReportReporter -->
<testsuite hostname="Siddharth-mbpr.local" name="com.playphone.msportsUI.AccountSignUpWithFacebook" tests="1" failures="0" timestamp="22 Mar 2017 19:12:49 GMT" time="52.677" errors="0">
  <testcase name="NewAccountSignup" time="52.677" classname="com.playphone.msportsUI.AccountSignUpWithFacebook"/>
</testsuite> <!-- com.playphone.msportsUI.AccountSignUpWithFacebook -->
