<?xml version="1.0" encoding="UTF-8"?>
<!-- Generated by org.testng.reporters.JUnitReportReporter -->
<testsuite hostname="Siddharth-mbpr.local" name="com.playphone.msportsUI.HomePageSupportFeedback" tests="1" failures="0" timestamp="10 Mar 2017 18:36:52 GMT" time="24.118" errors="0">
  <testcase name="SupportFeedback" time="24.118" classname="com.playphone.msportsUI.HomePageSupportFeedback"/>
</testsuite> <!-- com.playphone.msportsUI.HomePageSupportFeedback -->
