<?xml version="1.0" encoding="UTF-8"?>
<!-- Generated by org.testng.reporters.JUnitReportReporter -->
<testsuite hostname="Siddharth-mbpr.local" name="com.playphone.msportsUI.myTournamentsMenu" tests="1" failures="0" timestamp="22 Mar 2017 20:10:54 GMT" time="66.254" errors="0">
  <testcase name="TestValidLogin" time="66.254" classname="com.playphone.msportsUI.myTournamentsMenu"/>
</testsuite> <!-- com.playphone.msportsUI.myTournamentsMenu -->
