<?xml version="1.0" encoding="UTF-8"?>
<!-- Generated by org.testng.reporters.JUnitReportReporter -->
<testsuite hostname="Siddharth-mbpr.local" name="com.playphone.msportsUI.myTournaments" tests="1" failures="0" timestamp="25 Jul 2017 22:11:00 GMT" time="172.642" errors="0">
  <testcase name="TestValidLogin" time="172.642" classname="com.playphone.msportsUI.myTournaments"/>
</testsuite> <!-- com.playphone.msportsUI.myTournaments -->
