<?xml version="1.0" encoding="UTF-8"?>
<!-- Generated by org.testng.reporters.JUnitReportReporter -->
<testsuite hostname="Siddharth-mbpr.local" name="com.playphone.msportsUI.HomePageSupportContactUs" tests="1" failures="0" timestamp="22 Mar 2017 05:07:32 GMT" time="21.913" errors="0">
  <testcase name="SupportContactUs" time="21.913" classname="com.playphone.msportsUI.HomePageSupportContactUs"/>
</testsuite> <!-- com.playphone.msportsUI.HomePageSupportContactUs -->
