<?xml version="1.0" encoding="UTF-8"?>
<!-- Generated by org.testng.reporters.JUnitReportReporter -->
<testsuite hostname="Siddharth-mbpr.local" name="com.playphone.msportsUI.SpinsPage" tests="1" failures="0" timestamp="20 Jul 2017 21:45:58 GMT" time="114.980" errors="0">
  <testcase name="TestValidLogin" time="114.980" classname="com.playphone.msportsUI.SpinsPage"/>
</testsuite> <!-- com.playphone.msportsUI.SpinsPage -->
