<?xml version="1.0" encoding="UTF-8"?>
<!-- Generated by org.testng.reporters.JUnitReportReporter -->
<testsuite hostname="Siddharth-mbpr.local" name="com.playphone.msportsUI.ClickPlayNow0" tests="1" failures="0" timestamp="22 Mar 2017 17:31:59 GMT" time="68.613" errors="0">
  <testcase name="ClickPlayNowButton0" time="68.613" classname="com.playphone.msportsUI.ClickPlayNow0"/>
</testsuite> <!-- com.playphone.msportsUI.ClickPlayNow0 -->
