<?xml version="1.0" encoding="UTF-8"?>
<!-- Generated by org.testng.reporters.JUnitReportReporter -->
<testsuite hostname="Siddharth-mbpr.local" name="com.playphone.msportsUI.ClickPlayNow3" tests="1" failures="0" timestamp="21 Mar 2017 20:34:09 GMT" time="50.379" errors="0">
  <testcase name="ClickPlayNowButton0" time="50.379" classname="com.playphone.msportsUI.ClickPlayNow3"/>
</testsuite> <!-- com.playphone.msportsUI.ClickPlayNow3 -->
