<?xml version="1.0" encoding="UTF-8"?>
<!-- Generated by org.testng.reporters.JUnitReportReporter -->
<testsuite hostname="Siddharth-mbpr.local" name="com.playphone.msportsUI.HomePageBottomSignup" tests="1" failures="0" timestamp="22 Mar 2017 19:12:49 GMT" time="64.746" errors="0">
  <testcase name="NewAccountSignup" time="64.746" classname="com.playphone.msportsUI.HomePageBottomSignup"/>
</testsuite> <!-- com.playphone.msportsUI.HomePageBottomSignup -->
