<?xml version="1.0" encoding="UTF-8"?>
<!-- Generated by org.testng.reporters.JUnitReportReporter -->
<testsuite hostname="Siddharth-mbpr.local" name="com.playphone.msportsUI.MenuHowItWorks" tests="1" failures="0" timestamp="14 Mar 2017 23:40:21 GMT" time="35.274" errors="0">
  <testcase name="TestValidLogin" time="35.274" classname="com.playphone.msportsUI.MenuHowItWorks"/>
</testsuite> <!-- com.playphone.msportsUI.MenuHowItWorks -->
