<?xml version="1.0" encoding="UTF-8"?>
<!-- Generated by org.testng.reporters.JUnitReportReporter -->
<testsuite hostname="Siddharth-mbpr.local" name="com.playphone.msportsUI.HomePageSupportTC" tests="1" failures="0" timestamp="9 Mar 2017 23:48:23 GMT" time="25.464" errors="0">
  <testcase name="SupportTC" time="25.464" classname="com.playphone.msportsUI.HomePageSupportTC"/>
</testsuite> <!-- com.playphone.msportsUI.HomePageSupportTC -->
