<?xml version="1.0" encoding="UTF-8"?>
<!-- Generated by org.testng.reporters.JUnitReportReporter -->
<testsuite hostname="Siddharth-mbpr.local" name="com.playphone.msportsUI.AccountSignUpWithGoogle" tests="1" failures="0" timestamp="10 Apr 2017 20:19:40 GMT" time="53.682" errors="0">
  <testcase name="NewAccountSignup" time="53.682" classname="com.playphone.msportsUI.AccountSignUpWithGoogle"/>
</testsuite> <!-- com.playphone.msportsUI.AccountSignUpWithGoogle -->
