<?xml version="1.0" encoding="UTF-8"?>
<!-- Generated by org.testng.reporters.JUnitReportReporter -->
<testsuite hostname="Siddharth-mbpr.local" name="com.playphone.msportsUI.MenuDrawerWallet" tests="1" failures="0" timestamp="28 Jul 2017 19:56:37 GMT" time="129.841" errors="0">
  <testcase name="TestValidLogin" time="129.841" classname="com.playphone.msportsUI.MenuDrawerWallet"/>
</testsuite> <!-- com.playphone.msportsUI.MenuDrawerWallet -->
