<?xml version="1.0" encoding="UTF-8"?>
<!-- Generated by org.testng.reporters.JUnitReportReporter -->
<testsuite hostname="Siddharth-mbpr.local" name="com.playphone.msportsUI.playTournamentMsportsClose" tests="1" failures="0" timestamp="25 Jul 2017 21:47:40 GMT" time="173.894" errors="0">
  <testcase name="ClickPlayNowButton0" time="173.894" classname="com.playphone.msportsUI.playTournamentMsportsClose"/>
</testsuite> <!-- com.playphone.msportsUI.playTournamentMsportsClose -->
