<?xml version="1.0" encoding="UTF-8"?>
<!-- Generated by org.testng.reporters.JUnitReportReporter -->
<testsuite hostname="Siddharth-mbpr.local" name="com.playphone.msportsUI.SignupPrivacyPolicy" tests="1" failures="0" timestamp="22 Mar 2017 19:12:49 GMT" time="62.082" errors="0">
  <testcase name="PrivacyPolicy" time="62.082" classname="com.playphone.msportsUI.SignupPrivacyPolicy"/>
</testsuite> <!-- com.playphone.msportsUI.SignupPrivacyPolicy -->
