<?xml version="1.0" encoding="UTF-8"?>
<!-- Generated by org.testng.reporters.JUnitReportReporter -->
<testsuite hostname="Siddharth-mbpr.local" name="com.playphone.msportsUI.DeleteAccount" tests="1" failures="0" timestamp="28 Mar 2017 17:07:08 GMT" time="85.029" errors="0">
  <testcase name="NewAccountSignup" time="85.029" classname="com.playphone.msportsUI.DeleteAccount"/>
</testsuite> <!-- com.playphone.msportsUI.DeleteAccount -->
