<?xml version="1.0" encoding="UTF-8"?>
<!-- Generated by org.testng.reporters.JUnitReportReporter -->
<testsuite hostname="Siddharth-mbpr.local" name="com.playphone.msportsUI.LogOutEditProfilePage" tests="1" failures="0" timestamp="24 Mar 2017 17:59:17 GMT" time="47.190" errors="0">
  <testcase name="TestValidLogin" time="47.190" classname="com.playphone.msportsUI.LogOutEditProfilePage"/>
</testsuite> <!-- com.playphone.msportsUI.LogOutEditProfilePage -->
