<?xml version="1.0" encoding="UTF-8"?>
<!-- Generated by org.testng.reporters.JUnitReportReporter -->
<testsuite hostname="Siddharth-mbpr.local" name="com.playphone.msportsUI.AccountLogout" tests="1" failures="0" timestamp="22 Mar 2017 19:12:49 GMT" time="44.122" errors="0">
  <testcase name="TestValidLogin" time="44.122" classname="com.playphone.msportsUI.AccountLogout"/>
</testsuite> <!-- com.playphone.msportsUI.AccountLogout -->
