<?xml version="1.0" encoding="UTF-8"?>
<!-- Generated by org.testng.reporters.JUnitReportReporter -->
<testsuite hostname="Siddharth-mbpr.local" name="com.playphone.msportsUI.SpinsPage" tests="1" failures="0" timestamp="22 Mar 2017 18:33:09 GMT" time="39.444" errors="0">
  <testcase name="TestValidLogin" time="39.444" classname="com.playphone.msportsUI.SpinsPage"/>
</testsuite> <!-- com.playphone.msportsUI.SpinsPage -->
