<?xml version="1.0" encoding="UTF-8"?>
<!-- Generated by org.testng.reporters.JUnitReportReporter -->
<testsuite hostname="Siddharth-mbpr.local" name="com.playphone.msportsUI.AccountSignUpWithFacebook" tests="1" failures="0" timestamp="21 Jul 2017 17:50:26 GMT" time="117.441" errors="0">
  <testcase name="NewAccountSignup" time="117.441" classname="com.playphone.msportsUI.AccountSignUpWithFacebook"/>
</testsuite> <!-- com.playphone.msportsUI.AccountSignUpWithFacebook -->
