<?xml version="1.0" encoding="UTF-8"?>
<!-- Generated by org.testng.reporters.JUnitReportReporter -->
<testsuite hostname="Siddharth-mbpr.local" name="com.playphone.msportsUI.DeleteGoogleAccount" tests="1" failures="0" timestamp="10 Apr 2017 20:19:40 GMT" time="79.735" errors="0">
  <testcase name="NewAccountSignup" time="79.735" classname="com.playphone.msportsUI.DeleteGoogleAccount"/>
</testsuite> <!-- com.playphone.msportsUI.DeleteGoogleAccount -->
