<?xml version="1.0" encoding="UTF-8"?>
<!-- Generated by org.testng.reporters.JUnitReportReporter -->
<testsuite hostname="Siddharth-mbpr.local" name="com.playphone.msportsUI.LogOutEditProfilePage" tests="1" failures="0" timestamp="22 Mar 2017 19:12:49 GMT" time="70.608" errors="0">
  <testcase name="TestValidLogin" time="70.608" classname="com.playphone.msportsUI.LogOutEditProfilePage"/>
</testsuite> <!-- com.playphone.msportsUI.LogOutEditProfilePage -->
