<?xml version="1.0" encoding="UTF-8"?>
<!-- Generated by org.testng.reporters.JUnitReportReporter -->
<testsuite hostname="Siddharth-mbpr.local" name="com.playphone.msportsUI.LoginPlayTournament0" tests="1" failures="0" timestamp="10 Apr 2017 20:19:40 GMT" time="54.327" errors="0">
  <testcase name="TestValidLogin" time="54.327" classname="com.playphone.msportsUI.LoginPlayTournament0"/>
</testsuite> <!-- com.playphone.msportsUI.LoginPlayTournament0 -->
