<?xml version="1.0" encoding="UTF-8"?>
<!-- Generated by org.testng.reporters.JUnitReportReporter -->
<testsuite hostname="Siddharth-mbpr.local" name="com.playphone.msportsUI.ClickPlayNow" tests="1" failures="0" timestamp="7 Mar 2017 20:29:40 GMT" time="9.350" errors="0">
  <testcase name="PlayNowButtonClick" time="9.350" classname="com.playphone.msportsUI.ClickPlayNow"/>
</testsuite> <!-- com.playphone.msportsUI.ClickPlayNow -->
