<?xml version="1.0" encoding="UTF-8"?>
<!-- Generated by org.testng.reporters.JUnitReportReporter -->
<testsuite hostname="Siddharth-mbpr.local" name="com.playphone.msportsUI.AccountLoginUsernameNegative" tests="1" failures="0" timestamp="9 Mar 2017 22:51:55 GMT" time="35.251" errors="0">
  <testcase name="TestInvalidUsername" time="35.251" classname="com.playphone.msportsUI.AccountLoginUsernameNegative"/>
</testsuite> <!-- com.playphone.msportsUI.AccountLoginUsernameNegative -->
