<?xml version="1.0" encoding="UTF-8"?>
<!-- Generated by org.testng.reporters.JUnitReportReporter -->
<testsuite hostname="Siddharth-mbpr.local" name="com.playphone.msportsUI.WorkingTest" tests="1" failures="0" timestamp="21 Feb 2017 19:12:50 GMT" time="4.279" errors="0">
  <testcase name="ti" time="4.279" classname="com.playphone.msportsUI.WorkingTest"/>
</testsuite> <!-- com.playphone.msportsUI.WorkingTest -->
