<?xml version="1.0" encoding="UTF-8"?>
<!-- Generated by org.testng.reporters.JUnitReportReporter -->
<testsuite hostname="Siddharth-mbpr.local" name="com.playphone.msportsUI.HomePageSupportContactUs" tests="1" failures="0" timestamp="28 Mar 2017 21:43:37 GMT" time="38.183" errors="0">
  <testcase name="SupportContactUs" time="38.183" classname="com.playphone.msportsUI.HomePageSupportContactUs"/>
</testsuite> <!-- com.playphone.msportsUI.HomePageSupportContactUs -->
