<?xml version="1.0" encoding="UTF-8"?>
<!-- Generated by org.testng.reporters.JUnitReportReporter -->
<testsuite hostname="Siddharth-mbpr.local" name="com.playphone.msportsUI.SignupPrivacyPolicy" tests="1" failures="0" timestamp="20 Jul 2017 21:45:58 GMT" time="51.842" errors="0">
  <testcase name="PrivacyPolicy" time="51.842" classname="com.playphone.msportsUI.SignupPrivacyPolicy"/>
</testsuite> <!-- com.playphone.msportsUI.SignupPrivacyPolicy -->
