<?xml version="1.0" encoding="UTF-8"?>
<!-- Generated by org.testng.reporters.JUnitReportReporter -->
<testsuite hostname="Siddharth-mbpr.local" name="com.playphone.msportsUI.LogOutEditProfilePage" tests="1" failures="0" timestamp="10 Apr 2017 20:19:40 GMT" time="45.348" errors="0">
  <testcase name="TestValidLogin" time="45.348" classname="com.playphone.msportsUI.LogOutEditProfilePage"/>
</testsuite> <!-- com.playphone.msportsUI.LogOutEditProfilePage -->
