<?xml version="1.0" encoding="UTF-8"?>
<!-- Generated by org.testng.reporters.JUnitReportReporter -->
<testsuite hostname="Siddharth-mbpr.local" name="com.playphone.msportsUI.AccountLogout" tests="1" failures="0" timestamp="9 Mar 2017 22:51:55 GMT" time="47.142" errors="0">
  <testcase name="TestValidLogin" time="47.142" classname="com.playphone.msportsUI.AccountLogout"/>
</testsuite> <!-- com.playphone.msportsUI.AccountLogout -->
