<?xml version="1.0" encoding="UTF-8"?>
<!-- Generated by org.testng.reporters.JUnitReportReporter -->
<testsuite hostname="Siddharth-mbpr.local" name="com.playphone.msportsUI.playTournamentMsportsClose" tests="1" failures="0" timestamp="10 Apr 2017 20:19:40 GMT" time="49.845" errors="0">
  <testcase name="TestValidLogin" time="49.845" classname="com.playphone.msportsUI.playTournamentMsportsClose"/>
</testsuite> <!-- com.playphone.msportsUI.playTournamentMsportsClose -->
