<?xml version="1.0" encoding="UTF-8"?>
<!-- Generated by org.testng.reporters.JUnitReportReporter -->
<testsuite hostname="Siddharth-mbpr.local" name="com.playphone.msportsUI.HomePageBottomSignup" tests="1" failures="0" timestamp="24 Mar 2017 17:59:17 GMT" time="67.369" errors="0">
  <testcase name="NewAccountSignup" time="67.369" classname="com.playphone.msportsUI.HomePageBottomSignup"/>
</testsuite> <!-- com.playphone.msportsUI.HomePageBottomSignup -->
