<?xml version="1.0" encoding="UTF-8"?>
<!-- Generated by org.testng.reporters.JUnitReportReporter -->
<testsuite hostname="Siddharth-mbpr.local" name="com.playphone.msportsUI.ClickPlayNow" tests="1" failures="0" timestamp="27 Feb 2017 18:39:13 GMT" time="25.583" errors="0">
  <testcase name="PlayNowButtonClick" time="25.583" classname="com.playphone.msportsUI.ClickPlayNow"/>
</testsuite> <!-- com.playphone.msportsUI.ClickPlayNow -->
