<?xml version="1.0" encoding="UTF-8"?>
<!-- Generated by org.testng.reporters.JUnitReportReporter -->
<testsuite hostname="Siddharth-mbpr.local" name="com.playphone.msportsUI.HomePageFacebookLogin" tests="1" failures="0" timestamp="24 Apr 2017 19:42:59 GMT" time="45.673" errors="0">
  <testcase name="NewAccountSignup" time="45.673" classname="com.playphone.msportsUI.HomePageFacebookLogin"/>
</testsuite> <!-- com.playphone.msportsUI.HomePageFacebookLogin -->
