<?xml version="1.0" encoding="UTF-8"?>
<!-- Generated by org.testng.reporters.JUnitReportReporter -->
<testsuite hostname="Siddharth-mbpr.local" name="com.playphone.msportsUI.AccountSignup" tests="1" failures="0" timestamp="27 Feb 2017 02:34:42 GMT" time="17.767" errors="0">
  <testcase name="NewAccountSignup" time="17.767" classname="com.playphone.msportsUI.AccountSignup"/>
</testsuite> <!-- com.playphone.msportsUI.AccountSignup -->
