<?xml version="1.0" encoding="UTF-8"?>
<!-- Generated by org.testng.reporters.JUnitReportReporter -->
<testsuite hostname="Siddharth-mbpr.local" name="com.playphone.msportsUI.HomePageSupportTC" tests="1" failures="0" timestamp="22 Mar 2017 05:07:32 GMT" time="21.816" errors="0">
  <testcase name="SupportTC" time="21.816" classname="com.playphone.msportsUI.HomePageSupportTC"/>
</testsuite> <!-- com.playphone.msportsUI.HomePageSupportTC -->
