<?xml version="1.0" encoding="UTF-8"?>
<!-- Generated by org.testng.reporters.JUnitReportReporter -->
<testsuite hostname="Siddharth-mbpr.local" name="com.playphone.msportsUI.HomePageSupportFAQ" tests="1" failures="0" timestamp="10 Apr 2017 20:19:40 GMT" time="21.651" errors="0">
  <testcase name="SupportFAQ" time="21.651" classname="com.playphone.msportsUI.HomePageSupportFAQ"/>
</testsuite> <!-- com.playphone.msportsUI.HomePageSupportFAQ -->
