<?xml version="1.0" encoding="UTF-8"?>
<!-- Generated by org.testng.reporters.JUnitReportReporter -->
<testsuite hostname="Siddharth-mbpr.local" name="com.playphone.msportsUI.AccountLoginValidUsernamePassword" tests="1" failures="0" timestamp="8 Mar 2017 21:44:47 GMT" time="50.459" errors="0">
  <testcase name="TestValidLogin" time="50.459" classname="com.playphone.msportsUI.AccountLoginValidUsernamePassword"/>
</testsuite> <!-- com.playphone.msportsUI.AccountLoginValidUsernamePassword -->
