<?xml version="1.0" encoding="UTF-8"?>
<!-- Generated by org.testng.reporters.JUnitReportReporter -->
<testsuite hostname="Siddharth-mbpr.local" name="com.playphone.msportsUI.DeleteGoogleAccount" tests="1" failures="0" timestamp="28 Mar 2017 19:14:25 GMT" time="84.285" errors="0">
  <testcase name="NewAccountSignup" time="84.285" classname="com.playphone.msportsUI.DeleteGoogleAccount"/>
</testsuite> <!-- com.playphone.msportsUI.DeleteGoogleAccount -->
