<?xml version="1.0" encoding="UTF-8"?>
<!-- Generated by org.testng.reporters.JUnitReportReporter -->
<testsuite hostname="Siddharth-mbpr.local" name="com.playphone.msportsUI.MenuDrawerSpins" tests="1" failures="0" timestamp="28 Jul 2017 20:08:44 GMT" time="128.000" errors="0">
  <testcase name="TestValidLogin" time="128.000" classname="com.playphone.msportsUI.MenuDrawerSpins"/>
</testsuite> <!-- com.playphone.msportsUI.MenuDrawerSpins -->
