<?xml version="1.0" encoding="UTF-8"?>
<!-- Generated by org.testng.reporters.JUnitReportReporter -->
<<<<<<< HEAD
<<<<<<< HEAD
<testsuite hostname="Siddharth-mbpr.local" name="com.playphone.msportsUI.AccountLoginValidUsernamePassword" tests="1" failures="0" timestamp="7 Mar 2017 00:14:09 GMT" time="47.310" errors="0">
  <testcase name="TestValidLogin" time="47.310" classname="com.playphone.msportsUI.AccountLoginValidUsernamePassword"/>
=======
<testsuite hostname="Siddharth-mbpr.local" name="com.playphone.msportsUI.AccountLoginValidUsernamePassword" tests="1" failures="0" timestamp="8 Mar 2017 21:44:47 GMT" time="50.459" errors="0">
  <testcase name="TestValidLogin" time="50.459" classname="com.playphone.msportsUI.AccountLoginValidUsernamePassword"/>
>>>>>>> master
=======
<testsuite hostname="Siddharth-mbpr.local" name="com.playphone.msportsUI.AccountLoginValidUsernamePassword" tests="1" failures="0" timestamp="10 Apr 2017 20:19:40 GMT" time="34.572" errors="0">
  <testcase name="TestValidLogin" time="34.572" classname="com.playphone.msportsUI.AccountLoginValidUsernamePassword"/>
>>>>>>> develop
</testsuite> <!-- com.playphone.msportsUI.AccountLoginValidUsernamePassword -->
