<?xml version="1.0" encoding="UTF-8"?>
<!-- Generated by org.testng.reporters.JUnitReportReporter -->
<testsuite hostname="Siddharth-mbpr.local" name="com.playphone.msportsUI.LoginPlayTournament0" tests="1" failures="0" timestamp="2 May 2017 18:23:47 GMT" time="69.350" errors="0">
  <testcase name="TestValidLogin" time="69.350" classname="com.playphone.msportsUI.LoginPlayTournament0"/>
</testsuite> <!-- com.playphone.msportsUI.LoginPlayTournament0 -->
