<?xml version="1.0" encoding="UTF-8"?>
<!-- Generated by org.testng.reporters.JUnitReportReporter -->
<testsuite hostname="Siddharth-mbpr.local" name="com.playphone.msportsUI.AccountSignUpWithGoogle" tests="1" failures="0" timestamp="9 Mar 2017 23:14:23 GMT" time="50.099" errors="0">
  <testcase name="NewAccountSignup" time="50.099" classname="com.playphone.msportsUI.AccountSignUpWithGoogle"/>
</testsuite> <!-- com.playphone.msportsUI.AccountSignUpWithGoogle -->
