<?xml version="1.0" encoding="UTF-8"?>
<!-- Generated by org.testng.reporters.JUnitReportReporter -->
<testsuite hostname="Siddharth-mbpr.local" name="com.playphone.msportsUI.HomePageSupportFAQ" tests="1" failures="0" timestamp="21 Jul 2017 18:45:03 GMT" time="66.996" errors="0">
  <testcase name="SupportFAQ" time="66.996" classname="com.playphone.msportsUI.HomePageSupportFAQ"/>
</testsuite> <!-- com.playphone.msportsUI.HomePageSupportFAQ -->
