<?xml version="1.0" encoding="UTF-8"?>
<!-- Generated by org.testng.reporters.JUnitReportReporter -->
<testsuite hostname="Siddharth-mbpr.local" name="com.playphone.msportsUI.HomePageSupportCommunity" tests="1" failures="0" timestamp="14 Mar 2017 23:40:21 GMT" time="33.012" errors="0">
  <testcase name="SupportCommunity" time="33.012" classname="com.playphone.msportsUI.HomePageSupportCommunity"/>
</testsuite> <!-- com.playphone.msportsUI.HomePageSupportCommunity -->
