<?xml version="1.0" encoding="UTF-8"?>
<!-- Generated by org.testng.reporters.JUnitReportReporter -->
<testsuite hostname="Siddharth-mbpr.local" name="com.playphone.msportsUI.MenuDrawerWallet" tests="1" failures="0" timestamp="25 Jul 2017 19:39:57 GMT" time="146.120" errors="0">
  <testcase name="TestValidLogin" time="146.120" classname="com.playphone.msportsUI.MenuDrawerWallet"/>
</testsuite> <!-- com.playphone.msportsUI.MenuDrawerWallet -->
