<?xml version="1.0" encoding="UTF-8"?>
<!-- Generated by org.testng.reporters.JUnitReportReporter -->
<testsuite hostname="Siddharth-mbpr.local" name="com.playphone.msportsUI.SpinsPage" tests="1" failures="0" timestamp="24 Mar 2017 17:59:17 GMT" time="37.843" errors="0">
  <testcase name="TestValidLogin" time="37.843" classname="com.playphone.msportsUI.SpinsPage"/>
</testsuite> <!-- com.playphone.msportsUI.SpinsPage -->
